/usr/bin/env time -v /home/ljw/VTR/vtr-verilog-to-routing/abc/abc -c echo ""; echo "Load Netlist"; echo "============"; read 0_boundtop.parmys.blif; time; echo ""; echo "Circuit Info"; echo "=========="; print_stats; print_latch; time; echo ""; echo "LUT Costs"; echo "========="; print_lut; time; echo ""; echo "Logic Opt + Techmap"; echo "==================="; strash; ifraig -v; scorr -v; dc2 -v; dch -f; if -K 6 -v; mfs2 -v; print_stats; time; echo ""; echo "Output Netlist"; echo "=============="; write_hie 0_boundtop.parmys.blif 0_boundtop.raw.abc.blif; time;
ABC command line: "echo ""; echo "Load Netlist"; echo "============"; read 0_boundtop.parmys.blif; time; echo ""; echo "Circuit Info"; echo "=========="; print_stats; print_latch; time; echo ""; echo "LUT Costs"; echo "========="; print_lut; time; echo ""; echo "Logic Opt + Techmap"; echo "==================="; strash; ifraig -v; scorr -v; dc2 -v; dch -f; if -K 6 -v; mfs2 -v; print_stats; time; echo ""; echo "Output Netlist"; echo "=============="; write_hie 0_boundtop.parmys.blif 0_boundtop.raw.abc.blif; time;".

 
Load Netlist 
============ 
Hierarchy reader converted 184 instances of blackboxes.
elapse: 0.02 seconds, total: 0.02 seconds
 
Circuit Info 
========== 
[1;37mpaj_boundtop_hierarchy_no_mem :[0m i/o =  609/  512  lat =  862  nd =  5017  edge =  11019  cube =  8093  lev = 32
Total latches =   862. Init0 = 862. Init1 = 0. InitDC = 0. Const data = 0.
elapse: 0.00 seconds, total: 0.02 seconds
 
LUT Costs 
========= 
# The area/delay of k-variable LUTs:
# k    area     delay
1      1.00      1.00
2      1.00      1.00
3      1.00      1.00
4      1.00      1.00
elapse: 0.00 seconds, total: 0.02 seconds
 
Logic Opt + Techmap 
=================== 
SimWords = 32. Rounds = 38. Mem = 1.16 MB.  Classes: Beg = 136. End = 118.
Proof = 122. Counter-example = 28. Fail = 0. FailReal = 0. Zero = 13.
Final = 6493. Miter = 6616. Total = 6626. Mux = 0. (Exor = 0.) SatVars = 1755.
starts        :               29
conflicts     :               15
decisions     :            12246
propagations  :            46608
AIG simulation   =     0.00 sec
AIG traversal    =     0.00 sec
SAT solving      =     0.00 sec
    Unsat        =     0.00 sec
    Sat          =     0.00 sec
    Fail         =     0.00 sec
Class refining   =     0.00 sec
TOTAL RUNTIME    =     0.01 sec
Allocated 0.29 MB to store simulation information.
Initial simulation of 4 frames with 2 words.     Time =     0.00 sec
Collecting candidate equivalence classes.        Time =     0.00 sec
Simulation of 4 frames with 2 words ( 3 rounds). Time =     0.00 sec
Before BMC: Equiv classes: Const1 =  3212. Class =   377. Lit =  5868.
After  BMC: Equiv classes: Const1 =  3212. Class =   377. Lit =  5868.
  0 : C =   3072. Cl =    390. LR =   717. NR =  2167. F =    0. - T =     0.01 sec
  1 : C =   2434. Cl =    485. LR =   646. NR =  2904. F =    0. - T =     0.04 sec
  2 : C =   1955. Cl =    521. LR =   703. NR =  4643. F =    0. - T =     0.03 sec
  3 : C =   1653. Cl =    519. LR =   594. NR =  5601. F =    0. - T =     0.04 sec
  4 : C =   1227. Cl =    531. LR =   723. NR =  6912. F =    0. - T =     0.06 sec
  5 : C =    872. Cl =    439. LR =   423. NR =  8607. F =    0. - T =     0.03 sec
  6 : C =    632. Cl =    387. LR =   397. NR =  9990. F =    0. - T =     0.05 sec
  7 : C =    576. Cl =    289. LR =   270. NR = 10508. F =    0. - T =     0.02 sec
  8 : C =    576. Cl =    290. LR =   150. NR = 10561. F =    0. - T =     0.00 sec
  9 : C =    576. Cl =    290. LR =   148. NR = 10561. F =    0. - T =     0.00 sec
Parameters: F = 1. AddF = 2. C-lim = 1000. Constr = 0. MaxLev = 0. Mem = 0.43 MB.
AIG       : PI = 609. PO = 512. Latch = 862. Node = 6493.  Ave SAT vars = 0.
SAT calls : Proof = 1453. Cex = 643. Fail = 0. Lits proved = 1256.
SAT solver: Vars max = 4775. Calls max = 450. Recycles = 0. Sim rounds = 0.
NBeg = 6493. NEnd = 1190. (Gain =  81.67 %).  RBeg = 862. REnd = 383. (Gain =  55.57 %).
BMC         =     0.00 sec (  0.04 %)
Spec reduce =     0.01 sec (  3.47 %)
Mark cones  =     0.00 sec (  0.00 %)
Sim SAT     =     0.14 sec ( 48.52 %)
SAT solving =     0.11 sec ( 39.66 %)
  unsat     =     0.01 sec (  2.54 %)
  sat       =     0.10 sec ( 37.32 %)
  undecided =     0.00 sec (  0.00 %)
Other       =     0.02 sec (  8.31 %)
TOTAL       =     0.28 sec (100.00 %)
Starting:  paj_boundtop_hierarchy_no_mem : pi =   609  po =   512  lat =   383  and =    1190  lev =  14
Rewrite:   paj_boundtop_hierarchy_no_mem : pi =   609  po =   512  lat =   383  and =    1106  lev =  14
Refactor:  paj_boundtop_hierarchy_no_mem : pi =   609  po =   512  lat =   383  and =    1099  lev =  13
Balance:   paj_boundtop_hierarchy_no_mem : pi =   609  po =   512  lat =   383  and =    1097  lev =  12
Rewrite:   paj_boundtop_hierarchy_no_mem : pi =   609  po =   512  lat =   383  and =    1085  lev =  12
RewriteZ:  paj_boundtop_hierarchy_no_mem : pi =   609  po =   512  lat =   383  and =    1082  lev =  12
RefactorZ: paj_boundtop_hierarchy_no_mem : pi =   609  po =   512  lat =   383  and =    1068  lev =  12
RewriteZ:  paj_boundtop_hierarchy_no_mem : pi =   609  po =   512  lat =   383  and =    1064  lev =  10
K = 6. Memory (bytes): Truth =    0. Cut =   56. Obj =  136. Set =  600. CutMin = no
Node =    1621.  Ch =   149.  Total mem =    0.51 MB. Peak cut mem =    0.02 MB.
P:  Del =    3.00.  Ar =     643.0.  Edge =     2153.  Cut =    11423.  T =     0.00 sec
P:  Del =    3.00.  Ar =     558.0.  Edge =     2064.  Cut =     9568.  T =     0.00 sec
P:  Del =    3.00.  Ar =     554.0.  Edge =     2051.  Cut =     9666.  T =     0.00 sec
F:  Del =    3.00.  Ar =     541.0.  Edge =     2004.  Cut =     9514.  T =     0.00 sec
A:  Del =    3.00.  Ar =     541.0.  Edge =     1696.  Cut =     9901.  T =     0.00 sec
A:  Del =    3.00.  Ar =     541.0.  Edge =     1696.  Cut =     8681.  T =     0.00 sec
Total time =     0.01 sec
Duplicated 204 gates to decouple the CO drivers.
Performing MFS with 992 PIs, 895 POs, 773 nodes (773 flexible, 0 fixed, 0 empty).
Nodes = 773. Try = 542. Resub = 1. Div = 1987 (ave = 3). SAT calls = 4743. Timeouts = 0. MaxDivs = 0.
Attempts :   Remove      0 out of   1697 (  0.00 %)   Resub       1 out of     35 (  2.86 %)   
Reduction:   Nodes       1 out of    745 (  0.13 %)   Edges       2 out of   1900 (  0.11 %)   
Win =     0.00 sec (  3.77 %)
Div =     0.00 sec (  4.16 %)
Cnf =     0.00 sec (  8.23 %)
Sat =     0.00 sec ( 68.03 %)
Oth =     0.00 sec ( 15.80 %)
ALL =     0.01 sec (100.00 %)
The network has 1 nodes changed by "mfs".
[1;37mpaj_boundtop_hierarchy_no_mem :[0m i/o =  609/  512  lat =  383  nd =   772  edge =   1898  cube =   982  lev = 3
elapse: 0.36 seconds, total: 0.38 seconds
 
Output Netlist 
============== 
Hierarchy writer reintroduced 184 instances of blackboxes.
elapse: 0.01 seconds, total: 0.39 seconds
	Command being timed: "/home/ljw/VTR/vtr-verilog-to-routing/abc/abc -c echo ""; echo "Load Netlist"; echo "============"; read 0_boundtop.parmys.blif; time; echo ""; echo "Circuit Info"; echo "=========="; print_stats; print_latch; time; echo ""; echo "LUT Costs"; echo "========="; print_lut; time; echo ""; echo "Logic Opt + Techmap"; echo "==================="; strash; ifraig -v; scorr -v; dc2 -v; dch -f; if -K 6 -v; mfs2 -v; print_stats; time; echo ""; echo "Output Netlist"; echo "=============="; write_hie 0_boundtop.parmys.blif 0_boundtop.raw.abc.blif; time;"
	User time (seconds): 0.40
	System time (seconds): 0.02
	Percent of CPU this job got: 98%
	Elapsed (wall clock) time (h:mm:ss or m:ss): 0:00.44
	Average shared text size (kbytes): 0
	Average unshared data size (kbytes): 0
	Average stack size (kbytes): 0
	Average total size (kbytes): 0
	Maximum resident set size (kbytes): 38848
	Average resident set size (kbytes): 0
	Major (requiring I/O) page faults: 0
	Minor (reclaiming a frame) page faults: 16643
	Voluntary context switches: 1
	Involuntary context switches: 44
	Swaps: 0
	File system inputs: 0
	File system outputs: 224
	Socket messages sent: 0
	Socket messages received: 0
	Signals delivered: 0
	Page size (bytes): 4096
	Exit status: 0
