#Packing pin usage report
Type: io
	Input Pin Usage:
		Max: 1.00 (0.50)
		Avg: 0.50 (0.25)
		Min: 0.00 (0.00)
		Histogram:
		[        0:      0.2) 196 ( 50.4%) |***********************************************
		[      0.2:      0.4)   0 (  0.0%) |
		[      0.4:      0.6)   0 (  0.0%) |
		[      0.6:      0.8)   0 (  0.0%) |
		[      0.8:        1) 193 ( 49.6%) |**********************************************
		[        1:      1.2)   0 (  0.0%) |
		[      1.2:      1.4)   0 (  0.0%) |
		[      1.4:      1.6)   0 (  0.0%) |
		[      1.6:      1.8)   0 (  0.0%) |
		[      1.8:        2)   0 (  0.0%) |
	Output Pin Usage:
		Max: 1.00 (1.00)
		Avg: 0.50 (0.50)
		Min: 0.00 (0.00)
		Histogram:
		[        0:      0.1) 193 ( 49.6%) |**********************************************
		[      0.1:      0.2)   0 (  0.0%) |
		[      0.2:      0.3)   0 (  0.0%) |
		[      0.3:      0.4)   0 (  0.0%) |
		[      0.4:      0.5)   0 (  0.0%) |
		[      0.5:      0.6)   0 (  0.0%) |
		[      0.6:      0.7)   0 (  0.0%) |
		[      0.7:      0.8)   0 (  0.0%) |
		[      0.8:      0.9)   0 (  0.0%) |
		[      0.9:        1) 196 ( 50.4%) |***********************************************

Type: clb
	Input Pin Usage:
		Max: 28.00 (0.52)
		Avg: 15.41 (0.29)
		Min: 0.00 (0.00)
		Histogram:
		[        0:      5.4) 10 ( 22.7%) |*************************************
		[      5.4:       11)  2 (  4.5%) |*******
		[       11:       16)  8 ( 18.2%) |******************************
		[       16:       22) 10 ( 22.7%) |*************************************
		[       22:       27) 13 ( 29.5%) |************************************************
		[       27:       32)  1 (  2.3%) |****
		[       32:       38)  0 (  0.0%) |
		[       38:       43)  0 (  0.0%) |
		[       43:       49)  0 (  0.0%) |
		[       49:       54)  0 (  0.0%) |
	Output Pin Usage:
		Max: 20.00 (0.95)
		Avg: 8.98 (0.43)
		Min: 1.00 (0.05)
		Histogram:
		[        0:      2.1) 10 ( 22.7%) |*************************************************
		[      2.1:      4.2) 3 (  6.8%) |***************
		[      4.2:      6.3) 0 (  0.0%) |
		[      6.3:      8.4) 6 ( 13.6%) |*****************************
		[      8.4:       10) 8 ( 18.2%) |***************************************
		[       10:       13) 7 ( 15.9%) |**********************************
		[       13:       15) 2 (  4.5%) |**********
		[       15:       17) 3 (  6.8%) |***************
		[       17:       19) 1 (  2.3%) |*****
		[       19:       21) 4 (  9.1%) |********************

Type: memory
	Input Pin Usage:
		Max: 30.00 (0.31)
		Avg: 30.00 (0.31)
		Min: 30.00 (0.31)
		Histogram:
		[        0:      9.7) 0 (  0.0%) |
		[      9.7:       19) 0 (  0.0%) |
		[       19:       29) 0 (  0.0%) |
		[       29:       39) 1 (100.0%) |**************************************************
		[       39:       48) 0 (  0.0%) |
		[       48:       58) 0 (  0.0%) |
		[       58:       68) 0 (  0.0%) |
		[       68:       78) 0 (  0.0%) |
		[       78:       87) 0 (  0.0%) |
		[       87:       97) 0 (  0.0%) |
	Output Pin Usage:
		Max: 18.00 (0.28)
		Avg: 18.00 (0.28)
		Min: 18.00 (0.28)
		Histogram:
		[        0:      6.4) 0 (  0.0%) |
		[      6.4:       13) 0 (  0.0%) |
		[       13:       19) 1 (100.0%) |**************************************************
		[       19:       26) 0 (  0.0%) |
		[       26:       32) 0 (  0.0%) |
		[       32:       38) 0 (  0.0%) |
		[       38:       45) 0 (  0.0%) |
		[       45:       51) 0 (  0.0%) |
		[       51:       58) 0 (  0.0%) |
		[       58:       64) 0 (  0.0%) |

