/usr/bin/env time -v /home/ljw/VTR/vtr-verilog-to-routing/vtr_flow/scripts/blackbox_latches.pl --input 0_boundtop.abc.blif --output boundtop.abc.blif --vanilla
using input blif: 0_boundtop.abc.blif
using output blif: boundtop.abc.blif
Usage Statistic:
	<Clock UniqID>	#<Number of Latches impacted>
____
Vanilla Latches:
	latch_^_re_^_tm3_clk_v0_^_0	#383
____
Black Boxed Latches:
	-None-

	Command being timed: "/home/ljw/VTR/vtr-verilog-to-routing/vtr_flow/scripts/blackbox_latches.pl --input 0_boundtop.abc.blif --output boundtop.abc.blif --vanilla"
	User time (seconds): 0.01
	System time (seconds): 0.00
	Percent of CPU this job got: 100%
	Elapsed (wall clock) time (h:mm:ss or m:ss): 0:00.01
	Average shared text size (kbytes): 0
	Average unshared data size (kbytes): 0
	Average stack size (kbytes): 0
	Average total size (kbytes): 0
	Maximum resident set size (kbytes): 5996
	Average resident set size (kbytes): 0
	Major (requiring I/O) page faults: 0
	Minor (reclaiming a frame) page faults: 366
	Voluntary context switches: 1
	Involuntary context switches: 6
	Swaps: 0
	File system inputs: 0
	File system outputs: 240
	Socket messages sent: 0
	Socket messages received: 0
	Signals delivered: 0
	Page size (bytes): 4096
	Exit status: 0
