#Packing pin usage report
Type: io
	Input Pin Usage:
		Max: 1.00 (0.50)
		Avg: 0.38 (0.19)
		Min: 0.00 (0.00)
		Histogram:
		[        0:      0.2) 64 ( 62.1%) |************************************************
		[      0.2:      0.4)  0 (  0.0%) |
		[      0.4:      0.6)  0 (  0.0%) |
		[      0.6:      0.8)  0 (  0.0%) |
		[      0.8:        1) 39 ( 37.9%) |*****************************
		[        1:      1.2)  0 (  0.0%) |
		[      1.2:      1.4)  0 (  0.0%) |
		[      1.4:      1.6)  0 (  0.0%) |
		[      1.6:      1.8)  0 (  0.0%) |
		[      1.8:        2)  0 (  0.0%) |
	Output Pin Usage:
		Max: 1.00 (1.00)
		Avg: 0.62 (0.62)
		Min: 0.00 (0.00)
		Histogram:
		[        0:      0.1) 39 ( 37.9%) |*****************************
		[      0.1:      0.2)  0 (  0.0%) |
		[      0.2:      0.3)  0 (  0.0%) |
		[      0.3:      0.4)  0 (  0.0%) |
		[      0.4:      0.5)  0 (  0.0%) |
		[      0.5:      0.6)  0 (  0.0%) |
		[      0.6:      0.7)  0 (  0.0%) |
		[      0.7:      0.8)  0 (  0.0%) |
		[      0.8:      0.9)  0 (  0.0%) |
		[      0.9:        1) 64 ( 62.1%) |************************************************

Type: clb
	Input Pin Usage:
		Max: 45.00 (0.83)
		Avg: 26.85 (0.50)
		Min: 4.00 (0.07)
		Histogram:
		[        0:      5.4)  3 (  3.8%) |******
		[      5.4:       11)  1 (  1.2%) |**
		[       11:       16)  7 (  8.8%) |**************
		[       16:       22)  9 ( 11.2%) |******************
		[       22:       27) 16 ( 20.0%) |********************************
		[       27:       32) 24 ( 30.0%) |************************************************
		[       32:       38) 12 ( 15.0%) |************************
		[       38:       43)  6 (  7.5%) |************
		[       43:       49)  2 (  2.5%) |****
		[       49:       54)  0 (  0.0%) |
	Output Pin Usage:
		Max: 19.00 (0.90)
		Avg: 9.85 (0.47)
		Min: 1.00 (0.05)
		Histogram:
		[        0:      2.1)  3 (  3.8%) |******
		[      2.1:      4.2)  1 (  1.2%) |**
		[      4.2:      6.3)  9 ( 11.2%) |*******************
		[      6.3:      8.4) 13 ( 16.2%) |***************************
		[      8.4:       10) 23 ( 28.8%) |************************************************
		[       10:       13) 12 ( 15.0%) |*************************
		[       13:       15) 13 ( 16.2%) |***************************
		[       15:       17)  3 (  3.8%) |******
		[       17:       19)  2 (  2.5%) |****
		[       19:       21)  1 (  1.2%) |**

