#Packing pin usage report
Type: io
	Input Pin Usage:
		Max: 1.00 (0.50)
		Avg: 0.44 (0.22)
		Min: 0.00 (0.00)
		Histogram:
		[        0:      0.2) 114 ( 56.4%) |***********************************************
		[      0.2:      0.4)   0 (  0.0%) |
		[      0.4:      0.6)   0 (  0.0%) |
		[      0.6:      0.8)   0 (  0.0%) |
		[      0.8:        1)  88 ( 43.6%) |************************************
		[        1:      1.2)   0 (  0.0%) |
		[      1.2:      1.4)   0 (  0.0%) |
		[      1.4:      1.6)   0 (  0.0%) |
		[      1.6:      1.8)   0 (  0.0%) |
		[      1.8:        2)   0 (  0.0%) |
	Output Pin Usage:
		Max: 1.00 (1.00)
		Avg: 0.56 (0.56)
		Min: 0.00 (0.00)
		Histogram:
		[        0:      0.1)  88 ( 43.6%) |************************************
		[      0.1:      0.2)   0 (  0.0%) |
		[      0.2:      0.3)   0 (  0.0%) |
		[      0.3:      0.4)   0 (  0.0%) |
		[      0.4:      0.5)   0 (  0.0%) |
		[      0.5:      0.6)   0 (  0.0%) |
		[      0.6:      0.7)   0 (  0.0%) |
		[      0.7:      0.8)   0 (  0.0%) |
		[      0.8:      0.9)   0 (  0.0%) |
		[      0.9:        1) 114 ( 56.4%) |***********************************************

Type: clb
	Input Pin Usage:
		Max: 48.00 (0.89)
		Avg: 28.13 (0.52)
		Min: 0.00 (0.00)
		Histogram:
		[        0:      5.4)  3 ( 10.0%) |************
		[      5.4:       11)  1 (  3.3%) |****
		[       11:       16)  0 (  0.0%) |
		[       16:       22)  0 (  0.0%) |
		[       22:       27)  6 ( 20.0%) |************************
		[       27:       32)  6 ( 20.0%) |************************
		[       32:       38) 12 ( 40.0%) |************************************************
		[       38:       43)  1 (  3.3%) |****
		[       43:       49)  1 (  3.3%) |****
		[       49:       54)  0 (  0.0%) |
	Output Pin Usage:
		Max: 17.00 (0.81)
		Avg: 8.53 (0.41)
		Min: 1.00 (0.05)
		Histogram:
		[        0:      2.1) 3 ( 10.0%) |*************************
		[      2.1:      4.2) 3 ( 10.0%) |*************************
		[      4.2:      6.3) 5 ( 16.7%) |*****************************************
		[      6.3:      8.4) 3 ( 10.0%) |*************************
		[      8.4:       10) 6 ( 20.0%) |*************************************************
		[       10:       13) 5 ( 16.7%) |*****************************************
		[       13:       15) 2 (  6.7%) |****************
		[       15:       17) 2 (  6.7%) |****************
		[       17:       19) 1 (  3.3%) |********
		[       19:       21) 0 (  0.0%) |

