#Packing pin usage report
Type: io
	Input Pin Usage:
		Max: 1.00 (0.50)
		Avg: 0.46 (0.23)
		Min: 0.00 (0.00)
		Histogram:
		[        0:      0.2) 229 ( 53.8%) |***********************************************
		[      0.2:      0.4)   0 (  0.0%) |
		[      0.4:      0.6)   0 (  0.0%) |
		[      0.6:      0.8)   0 (  0.0%) |
		[      0.8:        1) 197 ( 46.2%) |****************************************
		[        1:      1.2)   0 (  0.0%) |
		[      1.2:      1.4)   0 (  0.0%) |
		[      1.4:      1.6)   0 (  0.0%) |
		[      1.6:      1.8)   0 (  0.0%) |
		[      1.8:        2)   0 (  0.0%) |
	Output Pin Usage:
		Max: 1.00 (1.00)
		Avg: 0.54 (0.54)
		Min: 0.00 (0.00)
		Histogram:
		[        0:      0.1) 197 ( 46.2%) |****************************************
		[      0.1:      0.2)   0 (  0.0%) |
		[      0.2:      0.3)   0 (  0.0%) |
		[      0.3:      0.4)   0 (  0.0%) |
		[      0.4:      0.5)   0 (  0.0%) |
		[      0.5:      0.6)   0 (  0.0%) |
		[      0.6:      0.7)   0 (  0.0%) |
		[      0.7:      0.8)   0 (  0.0%) |
		[      0.8:      0.9)   0 (  0.0%) |
		[      0.9:        1) 229 ( 53.8%) |***********************************************

Type: clb
	Input Pin Usage:
		Max: 28.00 (0.52)
		Avg: 22.70 (0.42)
		Min: 4.00 (0.07)
		Histogram:
		[        0:      5.4)  2 (  2.3%) |*
		[      5.4:       11)  0 (  0.0%) |
		[       11:       16)  0 (  0.0%) |
		[       16:       22)  4 (  4.6%) |**
		[       22:       27) 79 ( 90.8%) |************************************************
		[       27:       32)  2 (  2.3%) |*
		[       32:       38)  0 (  0.0%) |
		[       38:       43)  0 (  0.0%) |
		[       43:       49)  0 (  0.0%) |
		[       49:       54)  0 (  0.0%) |
	Output Pin Usage:
		Max: 15.00 (0.71)
		Avg: 5.60 (0.27)
		Min: 2.00 (0.10)
		Histogram:
		[        0:      2.1)  6 (  6.9%) |*****
		[      2.1:      4.2) 55 ( 63.2%) |************************************************
		[      4.2:      6.3)  0 (  0.0%) |
		[      6.3:      8.4)  2 (  2.3%) |**
		[      8.4:       10) 13 ( 14.9%) |***********
		[       10:       13)  7 (  8.0%) |******
		[       13:       15)  0 (  0.0%) |
		[       15:       17)  4 (  4.6%) |***
		[       17:       19)  0 (  0.0%) |
		[       19:       21)  0 (  0.0%) |

