VPR FPGA Placement and Routing.
Version: 8.1.0-dev+unkown
Revision: unkown
Compiled: 2024-06-08T19:53:44
Compiler: GNU 9.4.0 on Linux-5.15.0-107-generic x86_64
Build Info: release IPO VTR_ASSERT_LEVEL=2

University of Toronto
verilogtorouting.org
vtr-users@googlegroups.com
This is free open source code under MIT license.

VPR was run with the following command-line:
/home/ljw/VTR/vtr-verilog-to-routing/vpr/vpr /home/ljw/VTR/vtr-verilog-to-routing/vtr_flow/arch/timing/EArch.xml /home/ljw/VTR/vtr-verilog-to-routing/vtr_flow/benchmarks/blif/bigkey.blif --route_chan_width 100 --analysis --disp on


Architecture file: /home/ljw/VTR/vtr-verilog-to-routing/vtr_flow/arch/timing/EArch.xml
Circuit name: bigkey

# Loading Architecture Description
# Loading Architecture Description took 0.01 seconds (max_rss 16.6 MiB, delta_rss +2.2 MiB)

Timing analysis: ON
Circuit netlist file: bigkey.net
Circuit placement file: bigkey.place
Circuit routing file: bigkey.route
Circuit SDC file: bigkey.sdc
Vpr floorplanning constraints file: not specified

Packer: ENABLED
Placer: ENABLED
Router: ENABLED
Analysis: ENABLED

VPR was run with the following options:

NetlistOpts.abosrb_buffer_luts            : true
NetlistOpts.sweep_dangling_primary_ios    : true
NetlistOpts.sweep_dangling_nets           : true
NetlistOpts.sweep_dangling_blocks         : true
NetlistOpts.sweep_constant_primary_outputs: false
NetlistOpts.netlist_verbosity             : 1
NetlistOpts.const_gen_inference           : COMB_SEQ

PackerOpts.allow_unrelated_clustering: auto
PackerOpts.alpha_clustering: 0.750000
PackerOpts.beta_clustering: 0.900000
PackerOpts.cluster_seed_type: BLEND2
PackerOpts.connection_driven: true
PackerOpts.global_clocks: true
PackerOpts.hill_climbing_flag: false
PackerOpts.inter_cluster_net_delay: 1.000000
PackerOpts.timing_driven: true
PackerOpts.target_external_pin_util: auto

PlacerOpts.place_freq: PLACE_ONCE
PlacerOpts.place_algorithm: CRITICALITY_TIMING_PLACE
PlacerOpts.pad_loc_type: FREE
PlacerOpts.constraints_file: No constraints file given
PlacerOpts.place_cost_exp: 1.000000
PlacerOpts.place_chan_width: 100
PlacerOpts.inner_loop_recompute_divider: 0
PlacerOpts.recompute_crit_iter: 1
PlacerOpts.timing_tradeoff: 0.500000
PlacerOpts.td_place_exp_first: 1.000000
PlacerOpts.td_place_exp_last: 8.000000
PlacerOpts.delay_offset: 0.000000
PlacerOpts.delay_ramp_delta_threshold: -1
PlacerOpts.delay_ramp_slope: 0.000000
PlacerOpts.tsu_rel_margin: 1.000000
PlacerOpts.tsu_abs_margin: 0.000000
PlacerOpts.post_place_timing_report_file: 
PlacerOpts.allowed_tiles_for_delay_model: 
PlacerOpts.delay_model_reducer: MIN
PlacerOpts.delay_model_type: DELTA
PlacerOpts.rlim_escape_fraction: 0.000000
PlacerOpts.move_stats_file: 
PlacerOpts.placement_saves_per_temperature: 0
PlacerOpts.effort_scaling: CIRCUIT
PlacerOpts.place_delta_delay_matrix_calculation_method: ASTAR_ROUTE
PlaceOpts.seed: 0
AnnealSched.type: AUTO_SCHED
AnnealSched.inner_num: 0.500000

RouterOpts.route_type: DETAILED
RouterOpts.flat_routing: false
RouterOpts.has_choking_spot: false
RouterOpts.router_algorithm: TIMING_DRIVEN
RouterOpts.base_cost_type: DELAY_NORMALIZED_LENGTH
RouterOpts.fixed_channel_width: 100
RouterOpts.check_route: FULL
RouterOpts.acc_fac: 1.000000
RouterOpts.bb_factor: 3
RouterOpts.bend_cost: 0.000000
RouterOpts.first_iter_pres_fac: 0.000000
RouterOpts.initial_pres_fac: 0.500000
RouterOpts.pres_fac_mult: 1.300000
RouterOpts.max_router_iterations: 50
RouterOpts.min_incremental_reroute_fanout: 16
RouterOpts.do_check_rr_graph: true
RouterOpts.verify_binary_search: false
RouterOpts.min_channel_width_hint: 0
RouterOpts.read_rr_edge_metadata: false
RouterOpts.exit_after_first_routing_iteration: false
RouterOpts.astar_fac: 1.200000
RouterOpts.router_profiler_astar_fac: 1.200000
RouterOpts.criticality_exp: 1.000000
RouterOpts.max_criticality: 0.990000
RouterOpts.init_wirelength_abort_threshold: 0.850000
RouterOpts.save_routing_per_iteration: false
RouterOpts.congested_routing_iteration_threshold_frac: 1.000000
RouterOpts.high_fanout_threshold: 64
RouterOpts.router_debug_net: -2
RouterOpts.router_debug_sink_rr: -2
RouterOpts.router_debug_iteration: -2
RouterOpts.max_convergence_count: 1
RouterOpts.reconvergence_cpd_threshold: 0.990000
RouterOpts.update_lower_bound_delays: true
RouterOpts.first_iteration_timing_report_file: 
RouterOpts.incr_reroute_delay_ripup: AUTO
RouterOpts.route_bb_update: DYNAMIC
RouterOpts.lookahead_type: MAP
RouterOpts.initial_timing: LOOKAHEAD
RouterOpts.router_heap: BINARY_HEAP
RouterOpts.routing_failure_predictor = SAFE
RouterOpts.routing_budgets_algorithm = DISABLE

AnalysisOpts.gen_post_synthesis_netlist: false
AnalysisOpts.timing_report_npaths: 100
AnalysisOpts.timing_report_skew: false
AnalysisOpts.echo_dot_timing_graph_node: -1
AnalysisOpts.timing_report_detail: NETLIST
AnalysisOpts.post_synth_netlist_unconn_input_handling: UNCONNECTED
AnalysisOpts.post_synth_netlist_unconn_output_handling: UNCONNECTED

# Building complex block graph
Warning 1: io[0].clock[0] unconnected pin in architecture.
# Building complex block graph took 0.03 seconds (max_rss 24.4 MiB, delta_rss +7.8 MiB)
Circuit file: /home/ljw/VTR/vtr-verilog-to-routing/vtr_flow/benchmarks/blif/bigkey.blif
# Load circuit
# Load circuit took 0.01 seconds (max_rss 28.5 MiB, delta_rss +4.1 MiB)
# Clean circuit
Absorbed 8 LUT buffers
Inferred    0 additional primitive pins as constant generators since they have no combinationally connected inputs
Inferred    0 additional primitive pins as constant generators due to constant inputs
Inferred    0 additional primitive pins as constant generators since they have no combinationally connected inputs
Inferred    0 additional primitive pins as constant generators due to constant inputs
Inferred    0 additional primitive pins as constant generators since they have no combinationally connected inputs
Inferred    0 additional primitive pins as constant generators due to constant inputs
Swept input(s)      : 34
Swept output(s)     : 0 (0 dangling, 0 constant)
Swept net(s)        : 34
Swept block(s)      : 0
Constant Pins Marked: 0
# Clean circuit took 0.00 seconds (max_rss 28.5 MiB, delta_rss +0.0 MiB)
# Compress circuit
# Compress circuit took 0.00 seconds (max_rss 28.8 MiB, delta_rss +0.3 MiB)
# Verify circuit
# Verify circuit took 0.00 seconds (max_rss 28.8 MiB, delta_rss +0.0 MiB)
Circuit Statistics:
  Blocks: 2349
    .input :     229
    .latch :     224
    .output:     197
    6-LUT  :    1699
  Nets  : 2152
    Avg Fanout:     3.1
    Max Fanout:   460.0
    Min Fanout:     1.0
  Netlist Clocks: 1
# Build Timing Graph
  Timing Graph Nodes: 8905
  Timing Graph Edges: 13309
  Timing Graph Levels: 10
# Build Timing Graph took 0.01 seconds (max_rss 29.7 MiB, delta_rss +0.9 MiB)
Netlist contains 1 clocks
  Netlist Clock 'pclk' Fanout: 224 pins (2.5%), 224 blocks (9.5%)
# Load Timing Constraints

SDC file 'bigkey.sdc' not found
Setting default timing constraints:
   * constrain all primay inputs and primary outputs on netlist clock 'pclk'
   * optimize netlist clock to run as fast as possible
Timing constraints created 1 clocks
  Constrained Clock 'pclk' Source: 'pclk.inpad[0]'

# Load Timing Constraints took 0.00 seconds (max_rss 29.7 MiB, delta_rss +0.0 MiB)
# Load packing
Begin loading packed FPGA netlist file.
Netlist generated from file 'bigkey.net'.
Detected 0 constant generators (to see names run with higher pack verbosity)
Finished loading packed FPGA netlist file (took 0.175121 seconds).
Warning 2: Treated 0 constant nets as global which will not be routed (to see net names increase packer verbosity).
# Load packing took 0.18 seconds (max_rss 80.4 MiB, delta_rss +50.7 MiB)
Warning 3: Netlist contains 0 global net to non-global architecture pin connections

Pb types usage...
  io              : 426
   inpad          : 229
   outpad         : 197
  clb             : 87
   fle            : 850
    lut5inter     : 850
     ble5         : 1699
      flut5       : 1699
       lut5       : 1699
        lut       : 1699
       ff         : 224

# Create Device
## Build Device Grid
FPGA sized to 16 x 16: 256 grid tiles (auto)

Resource usage...
	Netlist
		426	blocks of type: io
	Architecture
		448	blocks of type: io
	Netlist
		87	blocks of type: clb
	Architecture
		140	blocks of type: clb
	Netlist
		0	blocks of type: mult_36
	Architecture
		6	blocks of type: mult_36
	Netlist
		0	blocks of type: memory
	Architecture
		4	blocks of type: memory

Device Utilization: 0.55 (target 1.00)
	Physical Tile io:
	Block Utilization: 0.95 Logical Block: io
	Physical Tile clb:
	Block Utilization: 0.62 Logical Block: clb
	Physical Tile mult_36:
	Block Utilization: 0.00 Logical Block: mult_36
	Physical Tile memory:
	Block Utilization: 0.00 Logical Block: memory

FPGA size limited by block type(s): io

## Build Device Grid took 0.00 seconds (max_rss 80.4 MiB, delta_rss +0.0 MiB)
## Build routing resource graph
SOURCE->OPIN and IPIN->SINK edge count:13352
OPIN->CHANX/CHANY edge count before creating direct connections: 39360
OPIN->CHANX/CHANY edge count after creating direct connections: 39490
CHAN->CHAN type edge count:208413
## Build routing resource graph took 0.14 seconds (max_rss 80.4 MiB, delta_rss +0.0 MiB)
  RR Graph Nodes: 32732
  RR Graph Edges: 261255
# Create Device took 0.14 seconds (max_rss 80.4 MiB, delta_rss +0.0 MiB)

# Load Placement
Reading bigkey.place.

Successfully read bigkey.place.

# Load Placement took 0.00 seconds (max_rss 80.4 MiB, delta_rss +0.0 MiB)

# Load Routing
Begin loading FPGA routing file.
Finished loading route file
# Load Routing took 0.05 seconds (max_rss 80.4 MiB, delta_rss +0.0 MiB)

Checking to ensure routing is legal...
# Checking to ensure non-configurable edges are legal
# Checking to ensure non-configurable edges are legal took 0.00 seconds (max_rss 80.4 MiB, delta_rss +0.0 MiB)
Completed routing consistency check successfully.

Serial number (magic cookie) for the routing is: -981900423
Circuit successfully routed with a channel width factor of 100.
# Synchronize the packed netlist to routing optimization
## Annotating rr_node with routed nets
## Annotating rr_node with routed nets took 0.00 seconds (max_rss 80.4 MiB, delta_rss +0.0 MiB)
Found 2738 mismatches between routing and packing results.
Fixed 1748 routing traces due to mismatch between routing and packing results.
# Synchronize the packed netlist to routing optimization took 0.02 seconds (max_rss 80.4 MiB, delta_rss +0.0 MiB)
Final Clustering Statistics: 
----------   --------   ------------------------------------   --------------------------
Block Type   # Blocks   Avg. # of input clocks and pins used   Avg. # of output pins used
----------   --------   ------------------------------------   --------------------------
     EMPTY          0                                      0                            0   
        io        426                               0.462441                     0.537559   
       clb         87                                22.7011                       5.5977   
   mult_36          0                                      0                            0   
    memory          0                                      0                            0   
Absorbed logical nets 1436 out of 2152 nets, 716 nets not absorbed.


Average number of bends per net: 2.06154  Maximum # of bends: 82

Number of global nets: 1
Number of routed nets (nonglobal): 715
Wire length results (in units of 1 clb segments)...
	Total wirelength: 9454, average net length: 13.2224
	Maximum net length: 349

Wire length results in terms of physical segments...
	Total wiring segments used: 2602, average wire segments per net: 3.63916
	Maximum segments used by a net: 94
	Total local nets with reserved CLB opins: 0
Total number of nets absorbed: 0

Routing channel utilization histogram:
[        1:      inf)   0 (  0.0%) |
[      0.9:        1)   0 (  0.0%) |
[      0.8:      0.9)   0 (  0.0%) |
[      0.7:      0.8)   0 (  0.0%) |
[      0.5:      0.6)  14 (  3.1%) |****
[      0.4:      0.5)   8 (  1.8%) |**
[      0.3:      0.4)  42 (  9.3%) |***********
[      0.2:      0.3) 180 ( 40.0%) |***********************************************
[      0.1:      0.2) 128 ( 28.4%) |*********************************
[        0:      0.1)  78 ( 17.3%) |********************
Maximum routing channel utilization:      0.57 at (7,0)

X - Directed channels:   j max occ ave occ capacity
                      ---- ------- ------- --------
                         0      57  33.688      100
                         1      24  14.062      100
                         2      35  18.438      100
                         3      28  17.250      100
                         4      29  19.375      100
                         5      31  22.562      100
                         6      32  20.000      100
                         7      33  22.500      100
                         8      35  22.500      100
                         9      27  18.312      100
                        10      33  23.250      100
                        11      25  14.938      100
                        12      24  11.562      100
                        13      15   6.625      100
                        14      56  28.750      100
Y - Directed channels:   i max occ ave occ capacity
                      ---- ------- ------- --------
                         0      54  29.125      100
                         1      14   5.438      100
                         2       7   3.375      100
                         3      26  15.812      100
                         4      36  28.000      100
                         5      28  19.562      100
                         6      27  20.438      100
                         7      48  33.062      100
                         8      50  34.812      100
                         9      25  18.438      100
                        10      29  17.750      100
                        11      38  23.500      100
                        12      29  12.500      100
                        13      20   7.312      100
                        14      47  27.938      100

Total tracks in x-direction: 1500, in y-direction: 1500

Logic area (in minimum width transistor areas, excludes I/Os and empty grid tiles)...
	Total logic block area (Warning, need to add pitch of routing to blocks with height > 3): 1.21132e+07
	Total used logic block area: 4.68878e+06

Routing area (in minimum width transistor areas)...
	Total routing area: 1.57003e+06, per logic tile: 6132.93

Total Number of Wiring Segments by Direction: direction length number
                                              --------- ------ -------
                                                      X      4   6374
                                                      Y      4   6374

X - Directed Wiring Segment usage by length: length utilization
                                             ------ -----------
                                            4       0.201

Y - Directed Wiring Segment usage by length: length utilization
                                             ------ -----------
                                            4       0.208

Segment usage by type (index):              name type utilization
                               ----------------- ---- -----------
                               unnamed_segment_0    0       0.408

Final hold Worst Negative Slack (hWNS): 0 ns
Final hold Total Negative Slack (hTNS): 0 ns

Final hold slack histogram:
[  3.4e-10:  4.6e-10)  18 (  4.3%) |****
[  4.6e-10:  5.8e-10) 192 ( 45.6%) |***********************************************
[  5.8e-10:    7e-10)  86 ( 20.4%) |*********************
[    7e-10:  8.2e-10) 104 ( 24.7%) |*************************
[  8.2e-10:  9.5e-10)  14 (  3.3%) |***
[  9.5e-10:  1.1e-09)   2 (  0.5%) |
[  1.1e-09:  1.2e-09)   0 (  0.0%) |
[  1.2e-09:  1.3e-09)   0 (  0.0%) |
[  1.3e-09:  1.4e-09)   1 (  0.2%) |
[  1.4e-09:  1.6e-09)   4 (  1.0%) |*

Final critical path delay (least slack): 3.05314 ns, Fmax: 327.531 MHz
Final setup Worst Negative Slack (sWNS): -3.05314 ns
Final setup Total Negative Slack (sTNS): -701.341 ns

Final setup slack histogram:
[ -3.1e-09: -2.8e-09)   5 (  1.2%) |**
[ -2.8e-09: -2.5e-09)  57 ( 13.5%) |*********************
[ -2.5e-09: -2.3e-09) 125 ( 29.7%) |***********************************************
[ -2.3e-09:   -2e-09)  40 (  9.5%) |***************
[   -2e-09: -1.7e-09)   1 (  0.2%) |
[ -1.7e-09: -1.5e-09)   1 (  0.2%) |
[ -1.5e-09: -1.2e-09)   0 (  0.0%) |
[ -1.2e-09: -9.6e-10)  11 (  2.6%) |****
[ -9.6e-10:   -7e-10) 122 ( 29.0%) |**********************************************
[   -7e-10: -4.4e-10)  59 ( 14.0%) |**********************

Final geomean non-virtual intra-domain period: 3.05314 ns (327.531 MHz)
Final fanout-weighted geomean non-virtual intra-domain period: 3.05314 ns (327.531 MHz)

Incr Slack updates 1 in 0.000103797 sec
Full Max Req/Worst Slack updates 1 in 8.394e-06 sec
Incr Max Req/Worst Slack updates 0 in 0 sec
Incr Criticality updates 0 in 0 sec
Full Criticality updates 1 in 0.000174494 sec
Flow timing analysis took 0.0692426 seconds (0.0680437 STA, 0.00119898 slack) (2 full updates: 0 setup, 0 hold, 2 combined).
VPR succeeded
The entire flow of VPR took 11.89 seconds (max_rss 80.4 MiB)
Incr Slack updates 1 in 0.000124437 sec
Full Max Req/Worst Slack updates 1 in 1.0352e-05 sec
Incr Max Req/Worst Slack updates 0 in 0 sec
Incr Criticality updates 0 in 0 sec
Full Criticality updates 1 in 0.000213822 sec
