/usr/bin/env time -v /home/ljw/VTR/vtr-verilog-to-routing/vtr_flow/scripts/blackbox_latches.pl --clk_list latch_^_re_^_clock_^_0 --input bgm.parmys.blif --output 0_bgm.parmys.blif
using folowing clk domain: latch_^_re_^_clock_^_0 
using input blif: bgm.parmys.blif
using output blif: 0_bgm.parmys.blif
Usage Statistic:
	<Clock UniqID>	#<Number of Latches impacted>
____
Vanilla Latches:
	latch_^_re_^_clock_^_0	#5132
____
Black Boxed Latches:
	-None-

	Command being timed: "/home/ljw/VTR/vtr-verilog-to-routing/vtr_flow/scripts/blackbox_latches.pl --clk_list latch_^_re_^_clock_^_0 --input bgm.parmys.blif --output 0_bgm.parmys.blif"
	User time (seconds): 2.38
	System time (seconds): 0.07
	Percent of CPU this job got: 99%
	Elapsed (wall clock) time (h:mm:ss or m:ss): 0:02.46
	Average shared text size (kbytes): 0
	Average unshared data size (kbytes): 0
	Average stack size (kbytes): 0
	Average total size (kbytes): 0
	Maximum resident set size (kbytes): 6008
	Average resident set size (kbytes): 0
	Major (requiring I/O) page faults: 0
	Minor (reclaiming a frame) page faults: 376
	Voluntary context switches: 2
	Involuntary context switches: 104
	Swaps: 0
	File system inputs: 0
	File system outputs: 46584
	Socket messages sent: 0
	Socket messages received: 0
	Signals delivered: 0
	Page size (bytes): 4096
	Exit status: 0
