#Packing pin usage report
Type: io
	Input Pin Usage:
		Max: 1.00 (0.50)
		Avg: 0.11 (0.06)
		Min: 0.00 (0.00)
		Histogram:
		[        0:      0.2) 257 ( 88.9%) |***********************************************
		[      0.2:      0.4)   0 (  0.0%) |
		[      0.4:      0.6)   0 (  0.0%) |
		[      0.6:      0.8)   0 (  0.0%) |
		[      0.8:        1)  32 ( 11.1%) |******
		[        1:      1.2)   0 (  0.0%) |
		[      1.2:      1.4)   0 (  0.0%) |
		[      1.4:      1.6)   0 (  0.0%) |
		[      1.6:      1.8)   0 (  0.0%) |
		[      1.8:        2)   0 (  0.0%) |
	Output Pin Usage:
		Max: 1.00 (1.00)
		Avg: 0.89 (0.89)
		Min: 0.00 (0.00)
		Histogram:
		[        0:      0.1)  32 ( 11.1%) |******
		[      0.1:      0.2)   0 (  0.0%) |
		[      0.2:      0.3)   0 (  0.0%) |
		[      0.3:      0.4)   0 (  0.0%) |
		[      0.4:      0.5)   0 (  0.0%) |
		[      0.5:      0.6)   0 (  0.0%) |
		[      0.6:      0.7)   0 (  0.0%) |
		[      0.7:      0.8)   0 (  0.0%) |
		[      0.8:      0.9)   0 (  0.0%) |
		[      0.9:        1) 257 ( 88.9%) |***********************************************

Type: clb
	Input Pin Usage:
		Max: 51.00 (0.94)
		Avg: 35.79 (0.66)
		Min: 0.00 (0.00)
		Histogram:
		[        0:      5.4)  85 (  3.7%) |*****
		[      5.4:       11)  65 (  2.8%) |****
		[       11:       16) 108 (  4.7%) |*******
		[       16:       22)  72 (  3.1%) |****
		[       22:       27) 153 (  6.7%) |*********
		[       27:       32) 144 (  6.3%) |*********
		[       32:       38) 196 (  8.6%) |************
		[       38:       43) 768 ( 33.6%) |***********************************************
		[       43:       49) 680 ( 29.7%) |******************************************
		[       49:       54)  16 (  0.7%) |*
	Output Pin Usage:
		Max: 20.00 (0.95)
		Avg: 7.78 (0.37)
		Min: 1.00 (0.05)
		Histogram:
		[        0:      2.1) 179 (  7.8%) |*****************
		[      2.1:      4.2) 280 ( 12.2%) |**************************
		[      4.2:      6.3) 502 ( 22.0%) |***********************************************
		[      6.3:      8.4) 438 ( 19.2%) |*****************************************
		[      8.4:       10) 404 ( 17.7%) |**************************************
		[       10:       13) 201 (  8.8%) |*******************
		[       13:       15) 128 (  5.6%) |************
		[       15:       17)  80 (  3.5%) |*******
		[       17:       19)  41 (  1.8%) |****
		[       19:       21)  34 (  1.5%) |***

Type: mult_36
	Input Pin Usage:
		Max: 48.00 (0.67)
		Avg: 48.00 (0.67)
		Min: 48.00 (0.67)
		Histogram:
		[        0:      7.2)  0 (  0.0%) |
		[      7.2:       14)  0 (  0.0%) |
		[       14:       22)  0 (  0.0%) |
		[       22:       29)  0 (  0.0%) |
		[       29:       36)  0 (  0.0%) |
		[       36:       43)  0 (  0.0%) |
		[       43:       50) 11 (100.0%) |************************************************
		[       50:       58)  0 (  0.0%) |
		[       58:       65)  0 (  0.0%) |
		[       65:       72)  0 (  0.0%) |
	Output Pin Usage:
		Max: 48.00 (0.67)
		Avg: 48.00 (0.67)
		Min: 48.00 (0.67)
		Histogram:
		[        0:      7.2)  0 (  0.0%) |
		[      7.2:       14)  0 (  0.0%) |
		[       14:       22)  0 (  0.0%) |
		[       22:       29)  0 (  0.0%) |
		[       29:       36)  0 (  0.0%) |
		[       36:       43)  0 (  0.0%) |
		[       43:       50) 11 (100.0%) |************************************************
		[       50:       58)  0 (  0.0%) |
		[       58:       65)  0 (  0.0%) |
		[       65:       72)  0 (  0.0%) |

