/usr/bin/env time -v /home/ljw/VTR/vtr-verilog-to-routing/vtr_flow/scripts/blackbox_latches.pl --input 0_bgm.abc.blif --output bgm.abc.blif --vanilla
using input blif: 0_bgm.abc.blif
using output blif: bgm.abc.blif
Usage Statistic:
	<Clock UniqID>	#<Number of Latches impacted>
____
Vanilla Latches:
	latch_^_re_^_clock_^_0	#5105
____
Black Boxed Latches:
	-None-

	Command being timed: "/home/ljw/VTR/vtr-verilog-to-routing/vtr_flow/scripts/blackbox_latches.pl --input 0_bgm.abc.blif --output bgm.abc.blif --vanilla"
	User time (seconds): 0.51
	System time (seconds): 0.01
	Percent of CPU this job got: 99%
	Elapsed (wall clock) time (h:mm:ss or m:ss): 0:00.53
	Average shared text size (kbytes): 0
	Average unshared data size (kbytes): 0
	Average stack size (kbytes): 0
	Average total size (kbytes): 0
	Maximum resident set size (kbytes): 5940
	Average resident set size (kbytes): 0
	Major (requiring I/O) page faults: 0
	Minor (reclaiming a frame) page faults: 385
	Voluntary context switches: 1
	Involuntary context switches: 25
	Swaps: 0
	File system inputs: 0
	File system outputs: 9048
	Socket messages sent: 0
	Socket messages received: 0
	Signals delivered: 0
	Page size (bytes): 4096
	Exit status: 0
