VPR FPGA Placement and Routing.
Version: 8.1.0-dev+unkown
Revision: unkown
Compiled: 2024-06-08T19:53:44
Compiler: GNU 9.4.0 on Linux-5.15.0-107-generic x86_64
Build Info: release IPO VTR_ASSERT_LEVEL=2

University of Toronto
verilogtorouting.org
vtr-users@googlegroups.com
This is free open source code under MIT license.

VPR was run with the following command-line:
/home/ljw/VTR/vtr-verilog-to-routing/vpr/vpr EArch.xml bgm --circuit_file bgm.pre-vpr.blif --route_chan_width 200 --max_router_iterations 150


Architecture file: EArch.xml
Circuit name: bgm

# Loading Architecture Description
# Loading Architecture Description took 0.01 seconds (max_rss 16.6 MiB, delta_rss +2.2 MiB)

Timing analysis: ON
Circuit netlist file: bgm.net
Circuit placement file: bgm.place
Circuit routing file: bgm.route
Circuit SDC file: bgm.sdc
Vpr floorplanning constraints file: not specified

Packer: ENABLED
Placer: ENABLED
Router: ENABLED
Analysis: ENABLED

VPR was run with the following options:

NetlistOpts.abosrb_buffer_luts            : true
NetlistOpts.sweep_dangling_primary_ios    : true
NetlistOpts.sweep_dangling_nets           : true
NetlistOpts.sweep_dangling_blocks         : true
NetlistOpts.sweep_constant_primary_outputs: false
NetlistOpts.netlist_verbosity             : 1
NetlistOpts.const_gen_inference           : COMB_SEQ

PackerOpts.allow_unrelated_clustering: auto
PackerOpts.alpha_clustering: 0.750000
PackerOpts.beta_clustering: 0.900000
PackerOpts.cluster_seed_type: BLEND2
PackerOpts.connection_driven: true
PackerOpts.global_clocks: true
PackerOpts.hill_climbing_flag: false
PackerOpts.inter_cluster_net_delay: 1.000000
PackerOpts.timing_driven: true
PackerOpts.target_external_pin_util: auto

PlacerOpts.place_freq: PLACE_ONCE
PlacerOpts.place_algorithm: CRITICALITY_TIMING_PLACE
PlacerOpts.pad_loc_type: FREE
PlacerOpts.constraints_file: No constraints file given
PlacerOpts.place_cost_exp: 1.000000
PlacerOpts.place_chan_width: 200
PlacerOpts.inner_loop_recompute_divider: 0
PlacerOpts.recompute_crit_iter: 1
PlacerOpts.timing_tradeoff: 0.500000
PlacerOpts.td_place_exp_first: 1.000000
PlacerOpts.td_place_exp_last: 8.000000
PlacerOpts.delay_offset: 0.000000
PlacerOpts.delay_ramp_delta_threshold: -1
PlacerOpts.delay_ramp_slope: 0.000000
PlacerOpts.tsu_rel_margin: 1.000000
PlacerOpts.tsu_abs_margin: 0.000000
PlacerOpts.post_place_timing_report_file: 
PlacerOpts.allowed_tiles_for_delay_model: 
PlacerOpts.delay_model_reducer: MIN
PlacerOpts.delay_model_type: DELTA
PlacerOpts.rlim_escape_fraction: 0.000000
PlacerOpts.move_stats_file: 
PlacerOpts.placement_saves_per_temperature: 0
PlacerOpts.effort_scaling: CIRCUIT
PlacerOpts.place_delta_delay_matrix_calculation_method: ASTAR_ROUTE
PlaceOpts.seed: 0
AnnealSched.type: AUTO_SCHED
AnnealSched.inner_num: 0.500000

RouterOpts.route_type: DETAILED
RouterOpts.flat_routing: false
RouterOpts.has_choking_spot: false
RouterOpts.router_algorithm: TIMING_DRIVEN
RouterOpts.base_cost_type: DELAY_NORMALIZED_LENGTH
RouterOpts.fixed_channel_width: 200
RouterOpts.check_route: FULL
RouterOpts.acc_fac: 1.000000
RouterOpts.bb_factor: 3
RouterOpts.bend_cost: 0.000000
RouterOpts.first_iter_pres_fac: 0.000000
RouterOpts.initial_pres_fac: 0.500000
RouterOpts.pres_fac_mult: 1.300000
RouterOpts.max_router_iterations: 150
RouterOpts.min_incremental_reroute_fanout: 16
RouterOpts.do_check_rr_graph: true
RouterOpts.verify_binary_search: false
RouterOpts.min_channel_width_hint: 0
RouterOpts.read_rr_edge_metadata: false
RouterOpts.exit_after_first_routing_iteration: false
RouterOpts.astar_fac: 1.200000
RouterOpts.router_profiler_astar_fac: 1.200000
RouterOpts.criticality_exp: 1.000000
RouterOpts.max_criticality: 0.990000
RouterOpts.init_wirelength_abort_threshold: 0.850000
RouterOpts.save_routing_per_iteration: false
RouterOpts.congested_routing_iteration_threshold_frac: 1.000000
RouterOpts.high_fanout_threshold: 64
RouterOpts.router_debug_net: -2
RouterOpts.router_debug_sink_rr: -2
RouterOpts.router_debug_iteration: -2
RouterOpts.max_convergence_count: 1
RouterOpts.reconvergence_cpd_threshold: 0.990000
RouterOpts.update_lower_bound_delays: true
RouterOpts.first_iteration_timing_report_file: 
RouterOpts.incr_reroute_delay_ripup: AUTO
RouterOpts.route_bb_update: DYNAMIC
RouterOpts.lookahead_type: MAP
RouterOpts.initial_timing: LOOKAHEAD
RouterOpts.router_heap: BINARY_HEAP
RouterOpts.routing_failure_predictor = SAFE
RouterOpts.routing_budgets_algorithm = DISABLE

AnalysisOpts.gen_post_synthesis_netlist: false
AnalysisOpts.timing_report_npaths: 100
AnalysisOpts.timing_report_skew: false
AnalysisOpts.echo_dot_timing_graph_node: -1
AnalysisOpts.timing_report_detail: NETLIST
AnalysisOpts.post_synth_netlist_unconn_input_handling: UNCONNECTED
AnalysisOpts.post_synth_netlist_unconn_output_handling: UNCONNECTED

# Building complex block graph
Warning 1: io[0].clock[0] unconnected pin in architecture.
# Building complex block graph took 0.03 seconds (max_rss 24.7 MiB, delta_rss +8.1 MiB)
Circuit file: bgm.pre-vpr.blif
# Load circuit
Found constant-zero generator 'unconn'
Found constant-zero generator 'gnd'
Found constant-one generator 'vcc'
Found constant-zero generator '$dff~1310^Q~0'
Found constant-zero generator '$dff~1310^Q~1'
Found constant-zero generator '$dff~1310^Q~2'
Found constant-zero generator '$dff~1006^Q~0'
Found constant-zero generator '$dff~1006^Q~1'
Found constant-zero generator '$dff~1006^Q~2'
Found constant-zero generator '$dff~94^Q~0'
Found constant-zero generator '$dff~94^Q~1'
Found constant-zero generator '$dff~94^Q~2'
Found constant-zero generator '$dff~2526^Q~0'
Found constant-zero generator '$dff~2526^Q~1'
Found constant-zero generator '$dff~2526^Q~2'
Found constant-zero generator '$dff~2222^Q~0'
Found constant-zero generator '$dff~2222^Q~1'
Found constant-zero generator '$dff~2222^Q~2'
Found constant-zero generator '$dff~1918^Q~0'
Found constant-zero generator '$dff~1918^Q~1'
Found constant-zero generator '$dff~1918^Q~2'
Found constant-zero generator '$dff~1614^Q~0'
Found constant-zero generator '$dff~1614^Q~1'
Found constant-zero generator '$dff~1614^Q~2'
Found constant-zero generator '$dff~398^Q~0'
Found constant-zero generator '$dff~398^Q~1'
Found constant-zero generator '$dff~398^Q~2'
Found constant-zero generator '$dff~704^Q~0'
Found constant-zero generator '$dff~704^Q~1'
Found constant-zero generator '$dff~704^Q~2'
# Load circuit took 0.33 seconds (max_rss 93.3 MiB, delta_rss +68.6 MiB)
# Clean circuit
Absorbed 4392 LUT buffers
Inferred    0 additional primitive pins as constant generators since they have no combinationally connected inputs
Inferred  386 additional primitive pins as constant generators due to constant inputs
Inferred    0 additional primitive pins as constant generators since they have no combinationally connected inputs
Inferred    0 additional primitive pins as constant generators due to constant inputs
Inferred    0 additional primitive pins as constant generators since they have no combinationally connected inputs
Inferred    0 additional primitive pins as constant generators due to constant inputs
Swept input(s)      : 1
Swept output(s)     : 0 (0 dangling, 0 constant)
Swept net(s)        : 651
Swept block(s)      : 0
Constant Pins Marked: 386
# Clean circuit took 0.02 seconds (max_rss 93.3 MiB, delta_rss +0.0 MiB)
# Compress circuit
# Compress circuit took 0.05 seconds (max_rss 93.3 MiB, delta_rss +0.0 MiB)
# Verify circuit
# Verify circuit took 0.01 seconds (max_rss 93.3 MiB, delta_rss +0.0 MiB)
Circuit Statistics:
  Blocks: 33389
    .input  :     257
    .latch  :    5105
    .output :      32
    0-LUT   :      29
    6-LUT   :   25696
    adder   :    2259
    multiply:      11
  Nets  : 35747
    Avg Fanout:     3.8
    Max Fanout:  5105.0
    Min Fanout:     1.0
  Netlist Clocks: 1
# Build Timing Graph
  Timing Graph Nodes: 172790
  Timing Graph Edges: 303483
  Timing Graph Levels: 114
# Build Timing Graph took 0.22 seconds (max_rss 125.3 MiB, delta_rss +31.2 MiB)
Netlist contains 1 clocks
  Netlist Clock 'clock' Fanout: 5105 pins (3.0%), 5105 blocks (15.3%)
# Load Timing Constraints

SDC file 'bgm.sdc' not found
Setting default timing constraints:
   * constrain all primay inputs and primary outputs on netlist clock 'clock'
   * optimize netlist clock to run as fast as possible
Timing constraints created 1 clocks
  Constrained Clock 'clock' Source: 'clock.inpad[0]'

# Load Timing Constraints took 0.02 seconds (max_rss 125.3 MiB, delta_rss +0.0 MiB)
# Packing
Begin packing 'bgm.pre-vpr.blif'.

After removing unused inputs...
	total blocks: 33389, total nets: 35747, total inputs: 257, total outputs: 32
Begin prepacking.

There is one chain in this architecture called "chain" with the following starting points:
	clb[0]/fle[0]/lut5inter[0]/ble5[0]/arithmetic[0]/adder[0].cin[0]

0 attraction groups were created during prepacking.
Finish prepacking.
Using inter-cluster delay: 1.33777e-09
Packing with pin utilization targets: io:1,1 clb:0.8,1 mult_36:1,1 memory:1,1
Packing with high fanout thresholds: io:128 clb:32 mult_36:128 memory:128
Starting Clustering - Clustering Progress: 
-------------------   --------------------------   ---------
Molecules processed   Number of clusters created   FPGA size
-------------------   --------------------------   ---------
Failed route at end, repack cluster trying detailed routing at each stage.
Failed route at end, repack cluster trying detailed routing at each stage.
Failed route at end, repack cluster trying detailed routing at each stage.
Failed route at end, repack cluster trying detailed routing at each stage.
Failed route at end, repack cluster trying detailed routing at each stage.
Failed route at end, repack cluster trying detailed routing at each stage.
Failed route at end, repack cluster trying detailed routing at each stage.
Failed route at end, repack cluster trying detailed routing at each stage.
Failed route at end, repack cluster trying detailed routing at each stage.
  1185/29635     3%                          129    24 x 24    
  2370/29635     7%                          223    24 x 24    
  3555/29635    11%                          306    24 x 24    
  4740/29635    15%                          382    25 x 25    
  5925/29635    19%                          456    27 x 27    
  7110/29635    23%                          530    29 x 29    
  8295/29635    27%                          611    31 x 31    
Failed route at end, repack cluster trying detailed routing at each stage.
  9480/29635    31%                          687    33 x 33    
 10665/29635    35%                          768    34 x 34    
 11850/29635    39%                          853    36 x 36    
 13035/29635    43%                          942    38 x 38    
 14220/29635    47%                         1032    39 x 39    
 15405/29635    51%                         1120    41 x 41    
 16590/29635    55%                         1209    42 x 42    
 17775/29635    59%                         1300    44 x 44    
 18960/29635    63%                         1397    46 x 46    
 20145/29635    67%                         1493    47 x 47    
 21330/29635    71%                         1585    49 x 49    
 22515/29635    75%                         1661    50 x 50    
 23700/29635    79%                         1760    51 x 51    
 24885/29635    83%                         1878    53 x 53    
 26070/29635    87%                         1966    54 x 54    
Failed route at end, repack cluster trying detailed routing at each stage.
 27255/29635    91%                         2091    55 x 55    
 28440/29635    95%                         2175    57 x 57    
 29625/29635    99%                         2408    58 x 58    

Logic Element (fle) detailed count:
  Total number of Logic Elements used : 21203
  LEs used for logic and registers    : 2212
  LEs used for logic only             : 17776
  LEs used for registers only         : 1215

Incr Slack updates 1 in 0.00251141 sec
Full Max Req/Worst Slack updates 1 in 8.3094e-05 sec
Incr Max Req/Worst Slack updates 0 in 0 sec
Incr Criticality updates 0 in 0 sec
Full Criticality updates 1 in 0.0059735 sec
FPGA sized to 58 x 58 (auto)
Device Utilization: 0.70 (target 1.00)
	Block Utilization: 0.16 Type: io
	Block Utilization: 0.97 Type: clb
	Block Utilization: 0.11 Type: mult_36

Start the iterative improvement process
the iterative improvement process is done
Final Clustering Statistics: 
----------   --------   ------------------------------------   --------------------------
Block Type   # Blocks   Avg. # of input clocks and pins used   Avg. # of output pins used
----------   --------   ------------------------------------   --------------------------
     EMPTY          0                                      0                            0   
        io        289                               0.110727                     0.889273   
       clb       2287                                35.7949                      7.77919   
   mult_36         11                                     48                           48   
    memory          0                                      0                            0   
Absorbed logical nets 17171 out of 35747 nets, 18576 nets not absorbed.

Netlist conversion complete.

# Packing took 33.24 seconds (max_rss 362.2 MiB, delta_rss +236.9 MiB)
# Load packing
Begin loading packed FPGA netlist file.
Netlist generated from file 'bgm.net'.
Detected 29 constant generators (to see names run with higher pack verbosity)
Finished loading packed FPGA netlist file (took 2.59558 seconds).
Warning 2: Treated 29 constant nets as global which will not be routed (to see net names increase packer verbosity).
# Load packing took 2.72 seconds (max_rss 381.6 MiB, delta_rss +19.4 MiB)
Warning 3: Netlist contains 480 global net to non-global architecture pin connections
Warning 4: Logic block #2186 (gnd) has only 1 output pin 'gnd.O[0]'. It may be a constant generator.
Warning 5: Logic block #2187 (vcc) has only 1 output pin 'vcc.O[0]'. It may be a constant generator.

Pb types usage...
  io                     : 289
   inpad                 : 257
   outpad                : 32
  clb                    : 2287
   fle                   : 21203
    lut5inter            : 10749
     ble5                : 20462
      flut5              : 18203
       lut5              : 14815
        lut              : 14815
       ff                : 4511
      arithmetic         : 2259
       lut4              : 456
        lut              : 456
       adder             : 2259
       ff                : 252
    ble6                 : 10454
     lut6                : 10454
      lut                : 10454
     ff                  : 342
  mult_36                : 11
   mult_36x36_slice      : 11
    mult_36x36           : 11

# Create Device
## Build Device Grid
FPGA sized to 58 x 58: 3364 grid tiles (auto)

Resource usage...
	Netlist
		289	blocks of type: io
	Architecture
		1792	blocks of type: io
	Netlist
		2287	blocks of type: clb
	Architecture
		2352	blocks of type: clb
	Netlist
		11	blocks of type: mult_36
	Architecture
		98	blocks of type: mult_36
	Netlist
		0	blocks of type: memory
	Architecture
		63	blocks of type: memory

Device Utilization: 0.70 (target 1.00)
	Physical Tile io:
	Block Utilization: 0.16 Logical Block: io
	Physical Tile clb:
	Block Utilization: 0.97 Logical Block: clb
	Physical Tile mult_36:
	Block Utilization: 0.11 Logical Block: mult_36
	Physical Tile memory:
	Block Utilization: 0.00 Logical Block: memory

FPGA size limited by block type(s): clb

## Build Device Grid took 0.01 seconds (max_rss 381.6 MiB, delta_rss +0.0 MiB)
## Build routing resource graph
SOURCE->OPIN and IPIN->SINK edge count:206031
OPIN->CHANX/CHANY edge count before creating direct connections: 1198400
OPIN->CHANX/CHANY edge count after creating direct connections: 1200710
CHAN->CHAN type edge count:6636460
## Build routing resource graph took 5.01 seconds (max_rss 529.2 MiB, delta_rss +147.5 MiB)
  RR Graph Nodes: 635466
  RR Graph Edges: 8043201
# Create Device took 5.13 seconds (max_rss 529.2 MiB, delta_rss +147.5 MiB)

# Computing router lookahead map
## Computing wire lookahead
## Computing wire lookahead took 11.52 seconds (max_rss 529.2 MiB, delta_rss +0.0 MiB)
## Computing src/opin lookahead
## Computing src/opin lookahead took 0.00 seconds (max_rss 529.2 MiB, delta_rss +0.0 MiB)
# Computing router lookahead map took 11.52 seconds (max_rss 529.2 MiB, delta_rss +0.0 MiB)
# Computing placement delta delay look-up
RR graph channel widths unchanged, skipping RR graph rebuild
## Computing delta delays
## Computing delta delays took 1.09 seconds (max_rss 529.2 MiB, delta_rss +0.0 MiB)
# Computing placement delta delay look-up took 1.10 seconds (max_rss 529.2 MiB, delta_rss +0.0 MiB)
Using simple RL 'Softmax agent' for choosing move types
# Placement
## Initial Placement
Initial placement iteration 0 has finished successfully
## Initial Placement took 0.01 seconds (max_rss 529.2 MiB, delta_rss +0.0 MiB)

There are 80959 point to point connections in this circuit.


BB estimate of min-dist (placement) wire length: 1194236

Completed placement consistency check successfully.
Initial placement cost: 1 bb_cost: 5971.18 td_cost: 5.54613e-05
Initial placement estimated Critical Path Delay (CPD): 50.8682 ns
Initial placement estimated setup Total Negative Slack (sTNS): -50893.6 ns
Initial placement estimated setup Worst Negative Slack (sWNS): -50.8682 ns

Initial placement estimated setup slack histogram:
[ -5.1e-08: -4.6e-08)   75 (  1.5%) |*
[ -4.6e-08: -4.1e-08)  158 (  3.1%) |**
[ -4.1e-08: -3.6e-08)  253 (  4.9%) |****
[ -3.6e-08: -3.1e-08)  219 (  4.3%) |***
[ -3.1e-08: -2.6e-08)  227 (  4.4%) |***
[ -2.6e-08: -2.1e-08)  135 (  2.6%) |**
[ -2.1e-08: -1.6e-08)   15 (  0.3%) |
[ -1.6e-08: -1.1e-08)  330 (  6.4%) |*****
[ -1.1e-08: -5.6e-09)  629 ( 12.2%) |*********
[ -5.6e-09: -5.2e-10) 3096 ( 60.3%) |**********************************************
Placement contains 29 placement macros involving 58 blocks (average macro size 2.000000)

Moves per temperature: 17752
Warning 6: Starting t: 800 of 2587 configurations accepted.

---- ------ ------- ------- ---------- ---------- ------- ---------- -------- ------- ------- ------ -------- --------- ------
Tnum   Time       T Av Cost Av BB Cost Av TD Cost     CPD       sTNS     sWNS Ac Rate Std Dev  R lim Crit Exp Tot Moves  Alpha
      (sec)                                          (ns)       (ns)     (ns)                                                 
---- ------ ------- ------- ---------- ---------- ------- ---------- -------- ------- ------- ------ -------- --------- ------
   1    0.4 4.5e-04   0.998    5538.89 4.7953e-05  47.640  -4.73e+04  -47.640   0.802  0.0080   57.0     1.00     17752  0.200
   2    0.4 4.1e-04   0.955    5347.72 4.7156e-05  45.181  -4.77e+04  -45.181   0.791  0.0186   57.0     1.00     35504  0.900
   3    0.4 3.9e-04   0.960    5148.54 4.2799e-05  45.420  -4.67e+04  -45.420   0.763  0.0179   57.0     1.00     53256  0.950
   4    0.4 3.7e-04   0.945    4876.36 3.9603e-05  44.146   -4.4e+04  -44.146   0.730  0.0284   57.0     1.00     71008  0.950
   5    0.4 3.5e-04   0.933    4540.17 3.5143e-05  41.788  -4.21e+04  -41.788   0.715  0.0304   57.0     1.00     88760  0.950
   6    0.4 3.3e-04   0.915    4137.36 2.6819e-05  45.592  -4.08e+04  -45.592   0.680  0.0326   57.0     1.00    106512  0.950
   7    0.3 3.2e-04   0.922    3716.56 2.7733e-05  35.907  -3.81e+04  -35.907   0.662  0.0371   57.0     1.00    124264  0.950
   8    0.4 3.0e-04   0.927    3229.03 2.6109e-05  29.575  -3.49e+04  -29.575   0.638  0.0378   57.0     1.00    142016  0.950
   9    0.5 2.8e-04   0.953    2902.23 2.3088e-05  27.988  -3.22e+04  -27.988   0.625  0.0225   57.0     1.00    159768  0.950
  10    0.4 2.7e-04   0.947    2634.18 2.1046e-05  27.156  -3.12e+04  -27.156   0.603  0.0274   57.0     1.00    177520  0.950
  11    0.4 2.6e-04   0.976    2443.45 2.1268e-05  24.910  -3.01e+04  -24.910   0.582  0.0125   57.0     1.00    195272  0.950
  12    0.5 2.4e-04   0.964    2318.45 1.8664e-05  26.995  -2.94e+04  -26.995   0.571  0.0182   57.0     1.00    213024  0.950
  13    0.4 2.3e-04   0.968    2194.60 1.7535e-05  26.804  -2.94e+04  -26.804   0.563  0.0130   57.0     1.00    230776  0.950
  14    0.3 2.2e-04   0.972    2080.17 1.8048e-05  25.003  -2.84e+04  -25.003   0.554  0.0158   57.0     1.00    248528  0.950
  15    0.4 2.1e-04   0.974    1982.87 1.9737e-05  21.458  -2.82e+04  -21.458   0.543  0.0157   57.0     1.00    266280  0.950
  16    0.6 2.0e-04   0.975    1902.00 1.7347e-05  23.305  -2.77e+04  -23.305   0.532  0.0095   57.0     1.00    284032  0.950
  17    0.4 1.9e-04   0.981    1853.45 1.6952e-05  23.314  -2.77e+04  -23.314   0.518  0.0080   57.0     1.00    301784  0.950
  18    0.4 1.8e-04   0.985    1802.25 1.7088e-05  22.245  -2.71e+04  -22.245   0.494  0.0064   57.0     1.00    319536  0.950
  19    0.4 1.7e-04   0.985    1772.39 1.6855e-05  22.220  -2.69e+04  -22.220   0.494  0.0070   57.0     1.00    337288  0.950
  20    0.4 1.6e-04   0.985    1723.42 1.5808e-05  23.007  -2.66e+04  -23.007   0.486  0.0043   57.0     1.00    355040  0.950
  21    0.4 1.5e-04   0.992    1703.05 1.6308e-05  21.726  -2.63e+04  -21.726   0.472  0.0052   57.0     1.00    372792  0.950
  22    0.4 1.5e-04   0.985    1657.34 1.553e-05   22.366   -2.6e+04  -22.366   0.463  0.0069   57.0     1.00    390544  0.950
  23    0.4 1.4e-04   0.988    1621.41 1.5466e-05  21.694  -2.61e+04  -21.694   0.470  0.0065   57.0     1.00    408296  0.950
  24    0.4 1.3e-04   0.986    1582.07 1.5005e-05  21.981   -2.6e+04  -21.981   0.471  0.0071   57.0     1.00    426048  0.950
  25    0.4 1.3e-04   0.992    1559.31 1.5413e-05  20.764  -2.56e+04  -20.764   0.465  0.0049   57.0     1.00    443800  0.950
  26    0.3 1.2e-04   0.987    1528.89 1.574e-05   20.026  -2.56e+04  -20.026   0.466  0.0074   57.0     1.00    461552  0.950
  27    0.4 1.1e-04   0.993    1503.56 1.51e-05    20.341  -2.53e+04  -20.341   0.448  0.0041   57.0     1.00    479304  0.950
  28    0.4 1.1e-04   0.986    1474.25 1.4899e-05  20.481  -2.54e+04  -20.481   0.436  0.0048   57.0     1.00    497056  0.950
  29    0.4 1.0e-04   0.996    1469.75 1.4719e-05  20.323  -2.53e+04  -20.323   0.437  0.0030   56.8     1.03    514808  0.950
  30    0.3 9.7e-05   0.990    1451.98 1.4679e-05  19.823  -2.51e+04  -19.823   0.437  0.0043   56.6     1.05    532560  0.950
  31    0.3 9.2e-05   0.995    1433.52 1.4784e-05  19.207  -2.51e+04  -19.207   0.436  0.0035   56.5     1.07    550312  0.950
  32    0.4 8.8e-05   0.991    1418.15 1.3891e-05  20.024   -2.5e+04  -20.024   0.422  0.0046   56.2     1.10    568064  0.950
  33    0.4 8.3e-05   0.992    1403.02 1.2936e-05  19.890  -2.49e+04  -19.890   0.412  0.0052   55.2     1.22    585816  0.950
  34    0.4 7.9e-05   0.993    1379.82 1.1639e-05  19.824  -2.46e+04  -19.824   0.394  0.0034   53.7     1.42    603568  0.950
  35    0.4 7.5e-05   0.990    1360.17 1.0336e-05  19.176  -2.44e+04  -19.176   0.377  0.0042   51.2     1.73    621320  0.950
  36    0.4 7.1e-05   0.994    1344.96 8.3175e-06  19.680  -2.44e+04  -19.680   0.365  0.0034   48.0     2.13    639072  0.950
  37    0.3 6.8e-05   0.995    1336.75 7.2735e-06  19.304  -2.43e+04  -19.304   0.353  0.0028   44.4     2.58    656824  0.950
  38    0.3 6.4e-05   0.996    1329.98 6.5624e-06  18.740  -2.42e+04  -18.740   0.343  0.0018   40.5     3.06    674576  0.950
  39    0.3 6.1e-05   0.990    1318.51 5.2036e-06  19.067  -2.41e+04  -19.067   0.334  0.0040   36.6     3.55    692328  0.950
  40    0.3 5.8e-05   0.993    1304.99 4.6116e-06  18.712  -2.39e+04  -18.712   0.316  0.0041   32.7     4.04    710080  0.950
  41    0.3 5.5e-05   0.994    1297.30 3.6818e-06  19.114   -2.4e+04  -19.114   0.305  0.0032   28.7     4.54    727832  0.950
  42    0.3 5.2e-05   0.995    1294.31 3.4146e-06  18.875   -2.4e+04  -18.875   0.292  0.0033   24.8     5.03    745584  0.950
  43    0.3 5.0e-05   0.996    1282.80 3.7941e-06  17.941  -2.39e+04  -17.941   0.284  0.0024   21.1     5.49    763336  0.950
  44    0.3 4.7e-05   0.992    1278.90 2.5978e-06  18.963  -2.39e+04  -18.963   0.281  0.0043   17.8     5.90    781088  0.950
  45    0.3 4.5e-05   0.992    1273.90 3.3728e-06  17.575  -2.37e+04  -17.575   0.264  0.0030   15.0     6.25    798840  0.950
  46    0.3 4.3e-05   0.994    1266.99 1.9722e-06  18.996  -2.35e+04  -18.996   0.251  0.0023   12.3     6.58    816592  0.950
  47    0.3 4.1e-05   0.994    1259.45 2.1788e-06  18.363  -2.36e+04  -18.363   0.243  0.0033   10.0     6.87    834344  0.950
  48    0.3 3.9e-05   0.988    1244.81 2.024e-06   18.391  -2.37e+04  -18.391   0.347  0.0044    8.0     7.12    852096  0.950
  49    0.3 3.7e-05   0.993    1237.28 1.9901e-06  18.312  -2.34e+04  -18.312   0.334  0.0027    7.3     7.21    869848  0.950
  50    0.3 3.5e-05   0.993    1230.01 1.6107e-06  18.635  -2.33e+04  -18.635   0.318  0.0024    6.5     7.31    887600  0.950
  51    0.3 3.3e-05   0.996    1226.78 1.835e-06   18.251  -2.34e+04  -18.251   0.300  0.0022    5.7     7.41    905352  0.950
  52    0.3 3.1e-05   0.995    1221.81 1.4997e-06  18.629  -2.33e+04  -18.629   0.296  0.0024    4.9     7.51    923104  0.950
  53    0.3 3.0e-05   0.994    1216.93 1.6144e-06  18.428  -2.34e+04  -18.428   0.284  0.0020    4.2     7.60    940856  0.950
  54    0.3 2.8e-05   0.996    1216.70 1.4697e-06  18.537  -2.33e+04  -18.537   0.278  0.0018    3.6     7.68    958608  0.950
  55    0.3 2.7e-05   0.994    1213.43 1.4359e-06  18.623  -2.34e+04  -18.623   0.332  0.0028    3.0     7.75    976360  0.950
  56    0.3 2.6e-05   0.995    1210.22 1.5091e-06  18.338  -2.32e+04  -18.338   0.321  0.0019    2.7     7.79    994112  0.950
  57    0.3 2.4e-05   0.995    1204.66 1.7059e-06  17.959  -2.32e+04  -17.959   0.308  0.0020    2.3     7.83   1011864  0.950
  58    0.3 2.3e-05   0.997    1203.22 1.5395e-06  18.118  -2.32e+04  -18.118   0.300  0.0017    2.0     7.87   1029616  0.950
  59    0.3 2.2e-05   0.997    1198.93 1.2524e-06  18.657  -2.31e+04  -18.657   0.405  0.0015    1.8     7.91   1047368  0.950
  60    0.3 2.1e-05   0.997    1196.29 1.2254e-06  18.686  -2.31e+04  -18.686   0.388  0.0015    1.7     7.91   1065120  0.950
  61    0.3 2.0e-05   0.996    1193.25 1.3439e-06  18.427  -2.31e+04  -18.427   0.366  0.0014    1.6     7.92   1082872  0.950
  62    0.3 1.9e-05   0.997    1190.90 1.4288e-06  18.210  -2.31e+04  -18.210   0.356  0.0014    1.5     7.94   1100624  0.950
  63    0.3 1.8e-05   0.998    1191.71 1.4289e-06  18.250  -2.32e+04  -18.250   0.349  0.0010    1.4     7.96   1118376  0.950
  64    0.3 1.7e-05   0.997    1189.32 1.4991e-06  18.145  -2.32e+04  -18.145   0.328  0.0018    1.2     7.97   1136128  0.950
  65    0.3 1.6e-05   0.997    1185.57 1.4301e-06  18.145  -2.32e+04  -18.145   0.319  0.0012    1.1     7.99   1153880  0.950
  66    0.3 1.5e-05   0.997    1183.12 1.4298e-06  18.145  -2.31e+04  -18.145   0.311  0.0012    1.0     8.00   1171632  0.950
  67    0.3 1.5e-05   0.998    1180.34 1.4087e-06  18.145  -2.31e+04  -18.145   0.305  0.0010    1.0     8.00   1189384  0.950
  68    0.3 1.4e-05   0.998    1178.55 1.4231e-06  18.115  -2.31e+04  -18.115   0.286  0.0010    1.0     8.00   1207136  0.950
  69    0.3 1.3e-05   0.998    1175.68 1.3985e-06  18.145  -2.31e+04  -18.145   0.279  0.0010    1.0     8.00   1224888  0.950
  70    0.3 1.2e-05   0.999    1174.70 1.3862e-06  18.145   -2.3e+04  -18.145   0.275  0.0007    1.0     8.00   1242640  0.950
  71    0.3 1.2e-05   0.998    1172.83 1.4301e-06  18.115  -2.31e+04  -18.115   0.263  0.0009    1.0     8.00   1260392  0.950
  72    0.3 1.1e-05   0.998    1170.01 1.3897e-06  18.145  -2.31e+04  -18.145   0.251  0.0010    1.0     8.00   1278144  0.950
  73    0.3 1.1e-05   0.998    1168.22 1.3647e-06  18.145   -2.3e+04  -18.145   0.242  0.0007    1.0     8.00   1295896  0.950
  74    0.3 1.0e-05   0.998    1166.61 1.3959e-06  18.145   -2.3e+04  -18.145   0.238  0.0008    1.0     8.00   1313648  0.950
  75    0.3 9.6e-06   0.999    1166.21 1.3934e-06  18.145   -2.3e+04  -18.145   0.222  0.0007    1.0     8.00   1331400  0.950
  76    0.3 9.2e-06   0.998    1164.66 1.3371e-06  18.191   -2.3e+04  -18.191   0.217  0.0008    1.0     8.00   1349152  0.950
  77    0.3 8.7e-06   0.998    1162.90 1.3842e-06  18.145   -2.3e+04  -18.145   0.209  0.0006    1.0     8.00   1366904  0.950
  78    0.3 8.3e-06   0.999    1161.94 1.3463e-06  18.145  -2.29e+04  -18.145   0.200  0.0006    1.0     8.00   1384656  0.950
  79    0.3 7.9e-06   0.999    1160.25 1.3475e-06  18.145   -2.3e+04  -18.145   0.187  0.0007    1.0     8.00   1402408  0.950
  80    0.3 7.5e-06   0.999    1159.78 1.3486e-06  18.145   -2.3e+04  -18.145   0.189  0.0006    1.0     8.00   1420160  0.950
  81    0.3 7.1e-06   0.999    1158.91 1.342e-06   18.145  -2.29e+04  -18.145   0.176  0.0005    1.0     8.00   1437912  0.950
  82    0.3 6.7e-06   0.999    1157.87 1.3516e-06  18.145  -2.29e+04  -18.145   0.172  0.0004    1.0     8.00   1455664  0.950
  83    0.3 6.4e-06   0.999    1156.76 1.3519e-06  18.145  -2.29e+04  -18.145   0.164  0.0004    1.0     8.00   1473416  0.950
  84    0.3 6.1e-06   0.999    1156.76 1.3426e-06  18.145  -2.29e+04  -18.145   0.157  0.0004    1.0     8.00   1491168  0.950
  85    0.3 5.8e-06   0.999    1155.99 1.3496e-06  18.145  -2.29e+04  -18.145   0.149  0.0002    1.0     8.00   1508920  0.950
  86    0.3 4.6e-06   0.999    1155.42 1.3641e-06  18.145  -2.29e+04  -18.145   0.133  0.0005    1.0     8.00   1526672  0.800
Agent's 2nd state: 
Checkpoint saved: bb_costs=1155.44, TD costs=1.36407e-06, CPD= 18.145 (ns) 
  87    0.3 3.7e-06   0.999    1154.59 1.363e-06   18.145  -2.29e+04  -18.145   0.083  0.0003    1.0     8.00   1544424  0.800
  88    0.3 3.0e-06   0.999    1153.75 1.3706e-06  18.145  -2.29e+04  -18.145   0.072  0.0003    1.0     8.00   1562176  0.800
  89    0.3 2.4e-06   1.000    1153.28 1.3553e-06  18.145  -2.29e+04  -18.145   0.063  0.0002    1.0     8.00   1579928  0.800
  90    0.3 1.9e-06   1.000    1152.76 1.3424e-06  18.145  -2.29e+04  -18.145   0.056  0.0002    1.0     8.00   1597680  0.800
  91    0.3 1.5e-06   1.000    1152.42 1.353e-06   18.145  -2.29e+04  -18.145   0.051  0.0001    1.0     8.00   1615432  0.800
  92    0.3 1.2e-06   1.000    1152.12 1.3494e-06  18.145  -2.29e+04  -18.145   0.044  0.0001    1.0     8.00   1633184  0.800
  93    0.3 9.7e-07   1.000    1151.94 1.3542e-06  18.145  -2.29e+04  -18.145   0.037  0.0001    1.0     8.00   1650936  0.800
  94    0.3 7.7e-07   1.000    1152.07 1.3497e-06  18.145  -2.29e+04  -18.145   0.038  0.0001    1.0     8.00   1668688  0.800
  95    0.3 6.2e-07   1.000    1151.78 1.3475e-06  18.145  -2.29e+04  -18.145   0.036  0.0001    1.0     8.00   1686440  0.800
  96    0.3 5.0e-07   1.000    1151.83 1.3493e-06  18.145  -2.29e+04  -18.145   0.032  0.0000    1.0     8.00   1704192  0.800
  97    0.3 4.0e-07   1.000    1151.78 1.347e-06   18.145  -2.29e+04  -18.145   0.031  0.0000    1.0     8.00   1721944  0.800
  98    0.3 3.2e-07   1.000    1151.80 1.3543e-06  18.145  -2.29e+04  -18.145   0.032  0.0000    1.0     8.00   1739696  0.800
  99    0.3 0.0e+00   1.000    1151.82 1.3511e-06  18.145  -2.29e+04  -18.145   0.010  0.0000    1.0     8.00   1757448  0.800
## Placement Quench took 0.27 seconds (max_rss 529.2 MiB)
post-quench CPD = 18.1454 (ns) 

BB estimate of min-dist (placement) wire length: 230326

Completed placement consistency check successfully.

Swaps called: 1760035

Aborted Move Reasons:
  duplicate block move to location: 24
  macro move to location illegal: 22
  macro_from swap to location illegal: 760

Placement estimated critical path delay (least slack): 18.1454 ns, Fmax: 55.1104 MHz
Placement estimated setup Worst Negative Slack (sWNS): -18.1454 ns
Placement estimated setup Total Negative Slack (sTNS): -22941.3 ns

Placement estimated setup slack histogram:
[ -1.8e-08: -1.6e-08)   43 (  0.8%) |*
[ -1.6e-08: -1.5e-08)  263 (  5.1%) |****
[ -1.5e-08: -1.3e-08)  212 (  4.1%) |***
[ -1.3e-08: -1.1e-08)  532 ( 10.4%) |********
[ -1.1e-08: -9.3e-09)   38 (  0.7%) |*
[ -9.3e-09: -7.5e-09)  235 (  4.6%) |****
[ -7.5e-09: -5.7e-09)  342 (  6.7%) |*****
[ -5.7e-09: -3.9e-09)  192 (  3.7%) |***
[ -3.9e-09: -2.2e-09)  332 (  6.5%) |*****
[ -2.2e-09: -3.7e-10) 2948 ( 57.4%) |**********************************************

Placement estimated geomean non-virtual intra-domain period: 18.1454 ns (55.1104 MHz)
Placement estimated fanout-weighted geomean non-virtual intra-domain period: 18.1454 ns (55.1104 MHz)

Placement cost: 0.99984, bb_cost: 1151.63, td_cost: 1.35663e-06, 

Placement resource usage:
  io      implemented as io     : 289
  clb     implemented as clb    : 2287
  mult_36 implemented as mult_36: 11

Placement number of temperatures: 99
Placement total # of swap attempts: 1760035
	Swaps accepted:  599389 (34.1 %)
	Swaps rejected: 1138240 (64.7 %)
	Swaps aborted :   22406 ( 1.3 %)


Percentage of different move types:
	Uniform move: 25.85 % (acc=22.88 %, rej=77.08 %, aborted=0.04 %)
	Median move: 23.51 % (acc=41.41 %, rej=56.70 %, aborted=1.89 %)
	W. Centroid move: 17.94 % (acc=41.63 %, rej=56.67 %, aborted=1.70 %)
	Centroid move: 27.15 % (acc=39.84 %, rej=58.64 %, aborted=1.51 %)
	W. Median move: 1.90 % (acc=6.23 %, rej=88.35 %, aborted=5.42 %)
	Crit. Uniform move: 1.82 % (acc=0.04 %, rej=99.96 %, aborted=0.00 %)
	Feasible Region move: 1.83 % (acc=0.02 %, rej=99.98 %, aborted=0.00 %)

Placement Quench timing analysis took 0.0400115 seconds (0.0344403 STA, 0.00557122 slack) (1 full updates: 1 setup, 0 hold, 0 combined).
Placement Total  timing analysis took 4.71035 seconds (3.95335 STA, 0.757 slack) (101 full updates: 101 setup, 0 hold, 0 combined).
update_td_costs: connections 0 nets 0 sum_nets 0 total 0
# Placement took 32.78 seconds (max_rss 529.2 MiB, delta_rss +0.0 MiB)

# Routing
RR graph channel widths unchanged, skipping RR graph rebuild
Confirming router algorithm: TIMING_DRIVEN.
## Initializing router criticalities
Initial Net Connection Criticality Histogram:
[        0:      0.1)  4090 (  5.0%) |*********
[      0.1:      0.2)  2513 (  3.0%) |*****
[      0.2:      0.3)  9086 ( 11.0%) |********************
[      0.3:      0.4) 17515 ( 21.3%) |**************************************
[      0.4:      0.5)  4284 (  5.2%) |*********
[      0.5:      0.6)  4742 (  5.8%) |**********
[      0.6:      0.7)  9602 ( 11.6%) |*********************
[      0.7:      0.8) 20652 ( 25.1%) |*********************************************
[      0.8:      0.9)  8923 ( 10.8%) |*******************
[      0.9:        1)  1016 (  1.2%) |**
## Initializing router criticalities took 0.78 seconds (max_rss 529.2 MiB, delta_rss +0.0 MiB)
---- ------ ------- ---- ------- ------- ------- ----------------- --------------- -------- ---------- ---------- ---------- ---------- --------
Iter   Time    pres  BBs    Heap  Re-Rtd  Re-Rtd Overused RR Nodes      Wirelength      CPD       sTNS       sWNS       hTNS       hWNS Est Succ
      (sec)     fac Updt    push    Nets   Conns                                       (ns)       (ns)       (ns)       (ns)       (ns)     Iter
---- ------ ------- ---- ------- ------- ------- ----------------- --------------- -------- ---------- ---------- ---------- ---------- --------
   1    1.0     0.0    0 6593832   18546   80959   34173 ( 5.378%)  369994 (29.0%)   20.423 -2.551e+04    -20.423      0.000      0.000      N/A
Incr Slack updates 101 in 0.211287 sec
Full Max Req/Worst Slack updates 50 in 0.00384837 sec
Incr Max Req/Worst Slack updates 51 in 0.00545117 sec
Incr Criticality updates 30 in 0.0983962 sec
Full Criticality updates 71 in 0.408377 sec
   2    0.9     0.5   80 5378962   14087   68372   22707 ( 3.573%)  368689 (28.9%)   20.418 -2.554e+04    -20.418      0.000      0.000      N/A
   3    0.7     0.6   22 4422852   11346   55290   18904 ( 2.975%)  373702 (29.3%)   20.419 -2.553e+04    -20.419      0.000      0.000      N/A
   4    0.7     0.8   23 4127044    9689   47906   15695 ( 2.470%)  377387 (29.6%)   20.419 -2.553e+04    -20.419      0.000      0.000      N/A
   5    0.6     1.1   12 3619139    8204   41305   12761 ( 2.008%)  382936 (30.0%)   20.421 -2.554e+04    -20.421      0.000      0.000      N/A
   6    0.6     1.4    8 3109833    6858   34626    9776 ( 1.538%)  390963 (30.6%)   20.419 -2.557e+04    -20.419      0.000      0.000      N/A
   7    0.5     1.9   13 2724846    5761   28621    7289 ( 1.147%)  399154 (31.3%)   20.419 -2.559e+04    -20.419      0.000      0.000      N/A
   8    0.5     2.4   13 2311919    4643   22860    5054 ( 0.795%)  406565 (31.8%)   20.419 -2.562e+04    -20.419      0.000      0.000      N/A
   9    0.4     3.1    9 1874690    3524   16587    3145 ( 0.495%)  413755 (32.4%)   20.419 -2.562e+04    -20.419      0.000      0.000      N/A
  10    0.4     4.1    6 1352647    2491   10767    1727 ( 0.272%)  419306 (32.8%)   20.419 -2.564e+04    -20.419      0.000      0.000       32
  11    0.3     5.3    3  855285    1554    5751     820 ( 0.129%)  422723 (33.1%)   20.419 -2.565e+04    -20.419      0.000      0.000       28
  12    0.2     6.9    4  470364     832    2450     323 ( 0.051%)  424935 (33.3%)   20.419 -2.565e+04    -20.419      0.000      0.000       25
  13    0.2     9.0    5  186242     370    1024     108 ( 0.017%)  425859 (33.4%)   20.419 -2.565e+04    -20.419      0.000      0.000       22
  14    0.1    11.6    1   63273     147     335      51 ( 0.008%)  426175 (33.4%)   20.419 -2.565e+04    -20.419      0.000      0.000       20
  15    0.1    15.1    1   29391      64     117      22 ( 0.003%)  426334 (33.4%)   20.419 -2.565e+04    -20.419      0.000      0.000       19
  16    0.1    19.7    0   15502      32      44      11 ( 0.002%)  426366 (33.4%)   20.419 -2.565e+04    -20.419      0.000      0.000       19
  17    0.1    25.6    0    5940      15      27       4 ( 0.001%)  426410 (33.4%)   20.419 -2.565e+04    -20.419      0.000      0.000       19
  18    0.1    33.3    0    3317       9      16       2 ( 0.000%)  426414 (33.4%)   20.419 -2.565e+04    -20.419      0.000      0.000       19
  19    0.1    43.3    0     876       2       2       1 ( 0.000%)  426414 (33.4%)   20.419 -2.565e+04    -20.419      0.000      0.000       19
  20    0.1    56.2    0     936       1       1       0 ( 0.000%)  426422 (33.4%)   20.419 -2.565e+04    -20.419      0.000      0.000       19
Restoring best routing
Critical path: 20.4187 ns
Successfully routed after 20 routing iterations.
Final Net Connection Criticality Histogram:
[        0:      0.1)  3870 (  4.7%) |********
[      0.1:      0.2)  2583 (  3.1%) |******
[      0.2:      0.3)  7300 (  8.9%) |****************
[      0.3:      0.4) 19036 ( 23.1%) |*****************************************
[      0.4:      0.5)  4549 (  5.5%) |**********
[      0.5:      0.6)  4421 (  5.4%) |**********
[      0.6:      0.7)  7749 (  9.4%) |*****************
[      0.7:      0.8) 20845 ( 25.3%) |*********************************************
[      0.8:      0.9) 10878 ( 13.2%) |***********************
[      0.9:        1)  1192 (  1.4%) |***
Router Stats: total_nets_routed: 88175 total_connections_routed: 417060 total_heap_pushes: 37146890 total_heap_pops: 6659956 total_internal_heap_pushes: 0 total_internal_heap_pops: 0 total_external_heap_pushes: 37146890 total_external_heap_pops: 6659956 total_external_SOURCE_pushes: 417060 total_external_SOURCE_pops: 159295 total_internal_SOURCE_pushes: 0 total_internal_SOURCE_pops: 0 rt_node_SOURCE_pushes: 417060 rt_node_SOURCE_high_fanout_pushes: 0 rt_node_SOURCE_entire_tree_pushes: 417060 total_external_SINK_pushes: 1281862 total_external_SINK_pops: 1214801 total_internal_SINK_pushes: 0 total_internal_SINK_pops: 0 rt_node_SINK_pushes: 0 rt_node_SINK_high_fanout_pushes: 0 rt_node_SINK_entire_tree_pushes: 0 total_external_IPIN_pushes: 2389091 total_external_IPIN_pops: 1726675 total_internal_IPIN_pushes: 0 total_internal_IPIN_pops: 0 rt_node_IPIN_pushes: 0 rt_node_IPIN_high_fanout_pushes: 0 rt_node_IPIN_entire_tree_pushes: 0 total_external_OPIN_pushes: 442889 total_external_OPIN_pops: 189479 total_internal_OPIN_pushes: 0 total_internal_OPIN_pops: 0 rt_node_OPIN_pushes: 343800 rt_node_OPIN_high_fanout_pushes: 0 rt_node_OPIN_entire_tree_pushes: 343800 total_external_CHANX_pushes: 16349404 total_external_CHANX_pops: 1655791 total_internal_CHANX_pushes: 0 total_internal_CHANX_pops: 0 rt_node_CHANX_pushes: 2722448 rt_node_CHANX_high_fanout_pushes: 0 rt_node_CHANX_entire_tree_pushes: 2722448 total_external_CHANY_pushes: 16266584 total_external_CHANY_pops: 1713915 total_internal_CHANY_pushes: 0 total_internal_CHANY_pops: 0 rt_node_CHANY_pushes: 2687650 rt_node_CHANY_high_fanout_pushes: 0 rt_node_CHANY_entire_tree_pushes: 2687650 total_number_of_adding_all_rt: 16709530 total_number_of_adding_high_fanout_rt: 0 total_number_of_adding_all_rt_from_calling_high_fanout_rt: 0 
# Routing took 8.78 seconds (max_rss 531.1 MiB, delta_rss +1.9 MiB)

Checking to ensure routing is legal...
# Checking to ensure non-configurable edges are legal
# Checking to ensure non-configurable edges are legal took 0.06 seconds (max_rss 531.1 MiB, delta_rss +0.0 MiB)
Completed routing consistency check successfully.

Serial number (magic cookie) for the routing is: 1244595283
Circuit successfully routed with a channel width factor of 200.
# Synchronize the packed netlist to routing optimization
## Annotating rr_node with routed nets
## Annotating rr_node with routed nets took 0.01 seconds (max_rss 531.1 MiB, delta_rss +0.0 MiB)
Found 90985 mismatches between routing and packing results.
Fixed 74528 routing traces due to mismatch between routing and packing results.
# Synchronize the packed netlist to routing optimization took 0.72 seconds (max_rss 531.4 MiB, delta_rss +0.3 MiB)
Final Clustering Statistics: 
----------   --------   ------------------------------------   --------------------------
Block Type   # Blocks   Avg. # of input clocks and pins used   Avg. # of output pins used
----------   --------   ------------------------------------   --------------------------
     EMPTY          0                                      0                            0   
        io        289                               0.110727                     0.889273   
       clb       2287                                35.7949                      7.77919   
   mult_36         11                                     48                           48   
    memory          0                                      0                            0   
Absorbed logical nets 17171 out of 35747 nets, 18576 nets not absorbed.


Average number of bends per net: 3.40958  Maximum # of bends: 61

Number of global nets: 30
Number of routed nets (nonglobal): 18546
Wire length results (in units of 1 clb segments)...
	Total wirelength: 426422, average net length: 22.9927
	Maximum net length: 305

Wire length results in terms of physical segments...
	Total wiring segments used: 108464, average wire segments per net: 5.84838
	Maximum segments used by a net: 78
	Total local nets with reserved CLB opins: 0
Total number of nets absorbed: 29

Routing channel utilization histogram:
[        1:      inf)    0 (  0.0%) |
[      0.9:        1)    0 (  0.0%) |
[      0.8:      0.9)    0 (  0.0%) |
[      0.7:      0.8)    0 (  0.0%) |
[      0.5:      0.6)   64 (  1.0%) |*
[      0.4:      0.5) 1342 ( 20.7%) |**********************
[      0.3:      0.4) 2786 ( 42.9%) |**********************************************
[      0.2:      0.3) 1458 ( 22.4%) |************************
[      0.1:      0.2)  496 (  7.6%) |********
[        0:      0.1)  352 (  5.4%) |******
Maximum routing channel utilization:      0.55 at (19,23)

X - Directed channels:   j max occ ave occ capacity
                      ---- ------- ------- --------
                         0      90  43.931      200
                         1      83  56.810      200
                         2      85  63.397      200
                         3      87  64.948      200
                         4      95  67.121      200
                         5      98  67.414      200
                         6      86  65.190      200
                         7     102  66.621      200
                         8      94  65.172      200
                         9      93  66.138      200
                        10      98  64.724      200
                        11      88  61.517      200
                        12     103  70.000      200
                        13      95  68.828      200
                        14     104  68.414      200
                        15      93  69.741      200
                        16      85  63.052      200
                        17      89  58.069      200
                        18     101  60.017      200
                        19     110  64.672      200
                        20     109  71.500      200
                        21     105  73.879      200
                        22     101  75.759      200
                        23     110  76.690      200
                        24      97  74.241      200
                        25     101  73.397      200
                        26     102  69.793      200
                        27     100  69.052      200
                        28      94  67.017      200
                        29      99  70.052      200
                        30      96  66.948      200
                        31     102  65.224      200
                        32     103  66.397      200
                        33      89  63.190      200
                        34      85  59.621      200
                        35      93  58.448      200
                        36      98  59.569      200
                        37      90  58.086      200
                        38      95  60.414      200
                        39     107  63.259      200
                        40     102  65.483      200
                        41      95  58.397      200
                        42     101  59.241      200
                        43      92  62.448      200
                        44      90  60.259      200
                        45      91  59.897      200
                        46      95  65.793      200
                        47     100  68.603      200
                        48      93  65.103      200
                        49     102  69.517      200
                        50     100  64.138      200
                        51     103  63.862      200
                        52      92  63.672      200
                        53      81  50.362      200
                        54      82  40.345      200
                        55      69  30.466      200
                        56      50  16.034      200
Y - Directed channels:   i max occ ave occ capacity
                      ---- ------- ------- --------
                         0      53  27.914      200
                         1      55  34.121      200
                         2      65  42.293      200
                         3     100  74.138      200
                         4     105  78.397      200
                         5      84  57.397      200
                         6      70  48.810      200
                         7     119  82.638      200
                         8      99  78.362      200
                         9      88  59.397      200
                        10      87  53.431      200
                        11     106  75.121      200
                        12     130  83.483      200
                        13      99  77.724      200
                        14     106  78.569      200
                        15     123  91.603      200
                        16     123  85.155      200
                        17      99  66.172      200
                        18      90  57.983      200
                        19     132  83.914      200
                        20     128  83.207      200
                        21     109  64.328      200
                        22      95  55.034      200
                        23     130  90.845      200
                        24     122  88.655      200
                        25      94  67.000      200
                        26      85  58.259      200
                        27     108  78.879      200
                        28     125  82.190      200
                        29      99  59.672      200
                        30      89  54.466      200
                        31     106  76.069      200
                        32     109  72.086      200
                        33      80  45.414      200
                        34      70  42.207      200
                        35     121  67.638      200
                        36     118  71.983      200
                        37     101  50.845      200
                        38      96  51.241      200
                        39     138  78.586      200
                        40     127  83.966      200
                        41      97  65.621      200
                        42     102  61.397      200
                        43     129  79.879      200
                        44     143  82.862      200
                        45     106  66.948      200
                        46     101  60.603      200
                        47     116  73.483      200
                        48     111  74.172      200
                        49      94  53.862      200
                        50      80  50.966      200
                        51     106  76.500      200
                        52     102  72.655      200
                        53      79  51.466      200
                        54      89  44.207      200
                        55      98  61.948      200
                        56      65  34.414      200

Total tracks in x-direction: 11400, in y-direction: 11400

Logic area (in minimum width transistor areas, excludes I/Os and empty grid tiles)...
	Total logic block area (Warning, need to add pitch of routing to blocks with height > 3): 2.00088e+08
	Total used logic block area: 1.27615e+08

Routing area (in minimum width transistor areas)...
	Total routing area: 4.37695e+07, per logic tile: 13011.2

Total Number of Wiring Segments by Direction: direction length number
                                              --------- ------ -------
                                                      X      4 168150
                                                      Y      4 168150

X - Directed Wiring Segment usage by length: length utilization
                                             ------ -----------
                                            4       0.315

Y - Directed Wiring Segment usage by length: length utilization
                                             ------ -----------
                                            4        0.33

Segment usage by type (index):              name type utilization
                               ----------------- ---- -----------
                               unnamed_segment_0    0       0.645

Final hold Worst Negative Slack (hWNS): 0 ns
Final hold Total Negative Slack (hTNS): 0 ns

Final hold slack histogram:
[  5.8e-11:  3.8e-10) 1696 ( 33.0%) |**********************************************
[  3.8e-10:  7.1e-10)  768 ( 15.0%) |*********************
[  7.1e-10:    1e-09)  960 ( 18.7%) |**************************
[    1e-09:  1.4e-09)  709 ( 13.8%) |*******************
[  1.4e-09:  1.7e-09)  305 (  5.9%) |********
[  1.7e-09:    2e-09)  150 (  2.9%) |****
[    2e-09:  2.3e-09)  418 (  8.1%) |***********
[  2.3e-09:  2.7e-09)  109 (  2.1%) |***
[  2.7e-09:    3e-09)   20 (  0.4%) |*
[    3e-09:  3.3e-09)    2 (  0.0%) |

Final critical path delay (least slack): 20.4187 ns, Fmax: 48.9747 MHz
Final setup Worst Negative Slack (sWNS): -20.4187 ns
Final setup Total Negative Slack (sTNS): -25653 ns

Final setup slack histogram:
[   -2e-08: -1.8e-08)   65 (  1.3%) |*
[ -1.8e-08: -1.6e-08)  271 (  5.3%) |****
[ -1.6e-08: -1.4e-08)  227 (  4.4%) |****
[ -1.4e-08: -1.2e-08)  433 (  8.4%) |*******
[ -1.2e-08:   -1e-08)   59 (  1.1%) |*
[   -1e-08: -8.4e-09)  267 (  5.2%) |****
[ -8.4e-09: -6.4e-09)  337 (  6.6%) |*****
[ -6.4e-09: -4.4e-09)  189 (  3.7%) |***
[ -4.4e-09: -2.4e-09)  350 (  6.8%) |*****
[ -2.4e-09: -4.4e-10) 2939 ( 57.2%) |**********************************************

Final geomean non-virtual intra-domain period: 20.4187 ns (48.9747 MHz)
Final fanout-weighted geomean non-virtual intra-domain period: 20.4187 ns (48.9747 MHz)

Incr Slack updates 1 in 0.00325628 sec
Full Max Req/Worst Slack updates 1 in 8.4891e-05 sec
Incr Max Req/Worst Slack updates 0 in 0 sec
Incr Criticality updates 0 in 0 sec
Full Criticality updates 1 in 0.00600332 sec
Flow timing analysis took 7.98015 seconds (6.89829 STA, 1.08186 slack) (124 full updates: 102 setup, 0 hold, 22 combined).
VPR succeeded
The entire flow of VPR took 99.84 seconds (max_rss 581.6 MiB)
Incr Slack updates 21 in 0.0453042 sec
Full Max Req/Worst Slack updates 4 in 0.000347176 sec
Incr Max Req/Worst Slack updates 17 in 0.00185617 sec
Incr Criticality updates 15 in 0.0481158 sec
Full Criticality updates 6 in 0.0342455 sec
