/usr/bin/env time -v /home/ljw/VTR/vtr-verilog-to-routing/abc/abc -c echo ""; echo "Load Netlist"; echo "============"; read 0_stereovision0.parmys.blif; time; echo ""; echo "Circuit Info"; echo "=========="; print_stats; print_latch; time; echo ""; echo "LUT Costs"; echo "========="; print_lut; time; echo ""; echo "Logic Opt + Techmap"; echo "==================="; strash; ifraig -v; scorr -v; dc2 -v; dch -f; if -K 4 -v; mfs2 -v; print_stats; time; echo ""; echo "Output Netlist"; echo "=============="; write_hie 0_stereovision0.parmys.blif 0_stereovision0.raw.abc.blif; time;
ABC command line: "echo ""; echo "Load Netlist"; echo "============"; read 0_stereovision0.parmys.blif; time; echo ""; echo "Circuit Info"; echo "=========="; print_stats; print_latch; time; echo ""; echo "LUT Costs"; echo "========="; print_lut; time; echo ""; echo "Logic Opt + Techmap"; echo "==================="; strash; ifraig -v; scorr -v; dc2 -v; dch -f; if -K 4 -v; mfs2 -v; print_stats; time; echo ""; echo "Output Netlist"; echo "=============="; write_hie 0_stereovision0.parmys.blif 0_stereovision0.raw.abc.blif; time;".

 
Load Netlist 
============ 
Warning: Constant-0 drivers added to 3 non-driven nets in network "sv_chip0_hierarchy_no_mem":
$techmap$auto$hard_block.cc:122:cell_hard_block$3298.$auto$alumacc.cc:485:replace_alu$11072.CO[2], $techmap$auto$hard_block.cc:122:cell_hard_block$3322.$auto$alumacc.cc:485:replace_alu$11412.CO[4], $techmap$auto$hard_block.cc:122:cell_hard_block$3359.$auto$alumacc.cc:485:replace_alu$11072.CO[2]
Hierarchy reader converted 2724 instances of blackboxes.
elapse: 0.10 seconds, total: 0.10 seconds
 
Circuit Info 
========== 
[1;37msv_chip0_hierarchy_no_mem     :[0m i/o = 5615/ 6406  lat =11737  nd = 15179  edge =  31650  cube = 23273  lev = 25
Total latches = 11737. Init0 = 11737. Init1 = 0. InitDC = 0. Const data = 0.
elapse: 0.00 seconds, total: 0.10 seconds
 
LUT Costs 
========= 
# The area/delay of k-variable LUTs:
# k    area     delay
1      1.00      1.00
2      1.00      1.00
3      1.00      1.00
4      1.00      1.00
elapse: 0.00 seconds, total: 0.10 seconds
 
Logic Opt + Techmap 
=================== 
SimWords = 32. Rounds = 123. Mem = 7.19 MB.  Classes: Beg = 330. End = 145.
Proof = 144. Counter-example = 116. Fail = 0. FailReal = 0. Zero = 27.
Final = 23172. Miter = 23411. Total = 23415. Mux = 0. (Exor = 0.) SatVars = 2631.
starts        :              140
conflicts     :               58
decisions     :            46140
propagations  :           145412
AIG simulation   =     0.05 sec
AIG traversal    =     0.00 sec
SAT solving      =     0.01 sec
    Unsat        =     0.00 sec
    Sat          =     0.01 sec
    Fail         =     0.00 sec
Class refining   =     0.00 sec
TOTAL RUNTIME    =     0.14 sec
Allocated 1.79 MB to store simulation information.
Initial simulation of 4 frames with 2 words.     Time =     0.00 sec
Collecting candidate equivalence classes.        Time =     0.00 sec
Simulation of 4 frames with 2 words (15 rounds). Time =     0.04 sec
Before BMC: Equiv classes: Const1 =  2281. Class =   933. Lit =  4334.
After  BMC: Equiv classes: Const1 =  2281. Class =   933. Lit =  4334.
  0 : C =   1436. Cl =    605. LR =  2344. NR = 41355. F =    0. - T =     0.87 sec
  1 : C =    856. Cl =    503. LR =  1431. NR = 43047. F =    0. - T =     0.64 sec
  2 : C =    323. Cl =    462. LR =  1016. NR = 43973. F =    0. - T =     0.38 sec
  3 : C =    135. Cl =    402. LR =   792. NR = 44801. F =    0. - T =     0.36 sec
  4 : C =     56. Cl =    346. LR =   471. NR = 45349. F =    0. - T =     0.18 sec
  5 : C =      8. Cl =    336. LR =   369. NR = 45487. F =    0. - T =     0.06 sec
  6 : C =      0. Cl =    322. LR =   340. NR = 45556. F =    0. - T =     0.03 sec
  7 : C =      0. Cl =    321. LR =   322. NR = 45574. F =    0. - T =     0.01 sec
  8 : C =      0. Cl =    321. LR =   321. NR = 45574. F =    0. - T =     0.01 sec
Parameters: F = 1. AddF = 2. C-lim = 1000. Constr = 0. MaxLev = 0. Mem = 2.69 MB.
AIG       : PI = 5615. PO = 6406. Latch = 11737. Node = 23172.  Ave SAT vars = 0.
SAT calls : Proof = 668. Cex = 965. Fail = 0. Lits proved = 321.
SAT solver: Vars max = 21050. Calls max = 458. Recycles = 0. Sim rounds = 0.
NBeg = 23172. NEnd = 22305. (Gain =   3.74 %).  RBeg = 11737. REnd = 11497. (Gain =   2.04 %).
BMC         =     0.00 sec (  0.02 %)
Spec reduce =     0.05 sec (  1.85 %)
Mark cones  =     0.00 sec (  0.00 %)
Sim SAT     =     1.14 sec ( 44.25 %)
SAT solving =     1.11 sec ( 43.11 %)
  unsat     =     0.00 sec (  0.17 %)
  sat       =     1.10 sec ( 42.98 %)
  undecided =     0.00 sec (  0.00 %)
Other       =     0.28 sec ( 10.78 %)
TOTAL       =     2.57 sec (100.00 %)
Starting:  sv_chip0_hierarchy_no_mem : pi =  5615  po =  6406  lat = 11497  and =   22305  lev =  24
Rewrite:   sv_chip0_hierarchy_no_mem : pi =  5615  po =  6406  lat = 11497  and =   22049  lev =  23
Refactor:  sv_chip0_hierarchy_no_mem : pi =  5615  po =  6406  lat = 11497  and =   21701  lev =  28
Balance:   sv_chip0_hierarchy_no_mem : pi =  5615  po =  6406  lat = 11497  and =   21683  lev =  22
Rewrite:   sv_chip0_hierarchy_no_mem : pi =  5615  po =  6406  lat = 11497  and =   21646  lev =  22
RewriteZ:  sv_chip0_hierarchy_no_mem : pi =  5615  po =  6406  lat = 11497  and =   21220  lev =  22
RefactorZ: sv_chip0_hierarchy_no_mem : pi =  5615  po =  6406  lat = 11497  and =   21214  lev =  21
RewriteZ:  sv_chip0_hierarchy_no_mem : pi =  5615  po =  6406  lat = 11497  and =   21144  lev =  21
K = 4. Memory (bytes): Truth =    0. Cut =   48. Obj =  128. Set =  528. CutMin = no
Node =   41438.  Ch =  6637.  Total mem =   10.50 MB. Peak cut mem =    0.03 MB.
P:  Del =    7.00.  Ar =    8937.0.  Edge =    28291.  Cut =   123699.  T =     0.01 sec
P:  Del =    7.00.  Ar =    7356.0.  Edge =    22961.  Cut =   119139.  T =     0.01 sec
P:  Del =    7.00.  Ar =    7168.0.  Edge =    22146.  Cut =   120243.  T =     0.01 sec
F:  Del =    7.00.  Ar =    7094.0.  Edge =    21892.  Cut =   119344.  T =     0.02 sec
A:  Del =    7.00.  Ar =    7078.0.  Edge =    21767.  Cut =   118586.  T =     0.02 sec
A:  Del =    7.00.  Ar =    7076.0.  Edge =    21758.  Cut =   118349.  T =     0.02 sec
Total time =     0.10 sec
Duplicated 9000 gates to decouple the CO drivers.
Performing MFS with 17112 PIs, 17903 POs, 16094 nodes (16094 flexible, 0 fixed, 0 empty).
Nodes = 16094. Try = 7135. Resub = 59. Div = 47934 (ave = 6). SAT calls = 79663. Timeouts = 0. MaxDivs = 0.
Attempts :   Remove     40 out of  21848 (  0.18 %)   Resub      19 out of    518 (  3.67 %)   
Reduction:   Nodes      20 out of  16076 (  0.12 %)   Edges      90 out of  30758 (  0.29 %)   
Win =     0.00 sec (  3.80 %)
Div =     0.00 sec (  4.29 %)
Cnf =     0.01 sec ( 10.28 %)
Sat =     0.08 sec ( 74.40 %)
Oth =     0.01 sec (  7.23 %)
ALL =     0.10 sec (100.00 %)
The network has 45 nodes changed by "mfs".
[1;37msv_chip0_hierarchy_no_mem     :[0m i/o = 5615/ 6406  lat =11497  nd = 16074  edge =  30668  cube = 23188  lev = 7
elapse: 3.72 seconds, total: 3.82 seconds
 
Output Netlist 
============== 
Warning: Constant-0 drivers added to 3 non-driven nets in network "sv_chip0_hierarchy_no_mem":
$techmap$auto$hard_block.cc:122:cell_hard_block$3298.$auto$alumacc.cc:485:replace_alu$11072.CO[2], $techmap$auto$hard_block.cc:122:cell_hard_block$3322.$auto$alumacc.cc:485:replace_alu$11412.CO[4], $techmap$auto$hard_block.cc:122:cell_hard_block$3359.$auto$alumacc.cc:485:replace_alu$11072.CO[2]
Hierarchy writer reintroduced 2724 instances of blackboxes.
elapse: 0.11 seconds, total: 3.93 seconds
	Command being timed: "/home/ljw/VTR/vtr-verilog-to-routing/abc/abc -c echo ""; echo "Load Netlist"; echo "============"; read 0_stereovision0.parmys.blif; time; echo ""; echo "Circuit Info"; echo "=========="; print_stats; print_latch; time; echo ""; echo "LUT Costs"; echo "========="; print_lut; time; echo ""; echo "Logic Opt + Techmap"; echo "==================="; strash; ifraig -v; scorr -v; dc2 -v; dch -f; if -K 4 -v; mfs2 -v; print_stats; time; echo ""; echo "Output Netlist"; echo "=============="; write_hie 0_stereovision0.parmys.blif 0_stereovision0.raw.abc.blif; time;"
	User time (seconds): 3.95
	System time (seconds): 0.21
	Percent of CPU this job got: 99%
	Elapsed (wall clock) time (h:mm:ss or m:ss): 0:04.16
	Average shared text size (kbytes): 0
	Average unshared data size (kbytes): 0
	Average stack size (kbytes): 0
	Average total size (kbytes): 0
	Maximum resident set size (kbytes): 68956
	Average resident set size (kbytes): 0
	Major (requiring I/O) page faults: 0
	Minor (reclaiming a frame) page faults: 22603
	Voluntary context switches: 1
	Involuntary context switches: 92
	Swaps: 0
	File system inputs: 0
	File system outputs: 3384
	Socket messages sent: 0
	Socket messages received: 0
	Signals delivered: 0
	Page size (bytes): 4096
	Exit status: 0
