/usr/bin/env time -v /home/ljw/VTR/vtr-verilog-to-routing/vtr_flow/scripts/blackbox_latches.pl --input stereovision0.parmys.blif --output_list report_clk.out
using input blif: stereovision0.parmys.blif
using output clock file: report_clk.out
blackboxing all latches in file
Usage Statistic:
	<Clock UniqID>	#<Number of Latches impacted>
____
Vanilla Latches:
	-None-
____
Black Boxed Latches:
	latch_^_re_^_tm3_clk_v0_^_0	#11737

	Command being timed: "/home/ljw/VTR/vtr-verilog-to-routing/vtr_flow/scripts/blackbox_latches.pl --input stereovision0.parmys.blif --output_list report_clk.out"
	User time (seconds): 0.18
	System time (seconds): 0.00
	Percent of CPU this job got: 99%
	Elapsed (wall clock) time (h:mm:ss or m:ss): 0:00.18
	Average shared text size (kbytes): 0
	Average unshared data size (kbytes): 0
	Average stack size (kbytes): 0
	Average total size (kbytes): 0
	Maximum resident set size (kbytes): 5856
	Average resident set size (kbytes): 0
	Major (requiring I/O) page faults: 0
	Minor (reclaiming a frame) page faults: 364
	Voluntary context switches: 1
	Involuntary context switches: 20
	Swaps: 0
	File system inputs: 0
	File system outputs: 8
	Socket messages sent: 0
	Socket messages received: 0
	Signals delivered: 0
	Page size (bytes): 4096
	Exit status: 0
