#Packing pin usage report
Type: io
	Input Pin Usage:
		Max: 1.00 (0.50)
		Avg: 0.36 (0.18)
		Min: 0.00 (0.00)
		Histogram:
		[        0:      0.2) 14 ( 63.6%) |************************************************
		[      0.2:      0.4)  0 (  0.0%) |
		[      0.4:      0.6)  0 (  0.0%) |
		[      0.6:      0.8)  0 (  0.0%) |
		[      0.8:        1)  8 ( 36.4%) |***************************
		[        1:      1.2)  0 (  0.0%) |
		[      1.2:      1.4)  0 (  0.0%) |
		[      1.4:      1.6)  0 (  0.0%) |
		[      1.6:      1.8)  0 (  0.0%) |
		[      1.8:        2)  0 (  0.0%) |
	Output Pin Usage:
		Max: 1.00 (1.00)
		Avg: 0.64 (0.64)
		Min: 0.00 (0.00)
		Histogram:
		[        0:      0.1)  8 ( 36.4%) |***************************
		[      0.1:      0.2)  0 (  0.0%) |
		[      0.2:      0.3)  0 (  0.0%) |
		[      0.3:      0.4)  0 (  0.0%) |
		[      0.4:      0.5)  0 (  0.0%) |
		[      0.5:      0.6)  0 (  0.0%) |
		[      0.6:      0.7)  0 (  0.0%) |
		[      0.7:      0.8)  0 (  0.0%) |
		[      0.8:      0.9)  0 (  0.0%) |
		[      0.9:        1) 14 ( 63.6%) |************************************************

Type: clb
	Input Pin Usage:
		Max: 47.00 (0.87)
		Avg: 29.91 (0.55)
		Min: 2.00 (0.04)
		Histogram:
		[        0:      5.4)  2 (  2.5%) |****
		[      5.4:       11)  1 (  1.2%) |**
		[       11:       16)  2 (  2.5%) |****
		[       16:       22)  5 (  6.2%) |**********
		[       22:       27) 16 ( 20.0%) |*******************************
		[       27:       32) 25 ( 31.2%) |************************************************
		[       32:       38) 18 ( 22.5%) |***********************************
		[       38:       43)  7 (  8.8%) |*************
		[       43:       49)  4 (  5.0%) |********
		[       49:       54)  0 (  0.0%) |
	Output Pin Usage:
		Max: 19.00 (0.90)
		Avg: 7.64 (0.36)
		Min: 1.00 (0.05)
		Histogram:
		[        0:      2.1)  9 ( 11.2%) |**********************
		[      2.1:      4.2) 10 ( 12.5%) |************************
		[      4.2:      6.3) 13 ( 16.2%) |*******************************
		[      6.3:      8.4) 12 ( 15.0%) |*****************************
		[      8.4:       10) 20 ( 25.0%) |************************************************
		[       10:       13)  8 ( 10.0%) |*******************
		[       13:       15)  4 (  5.0%) |**********
		[       15:       17)  2 (  2.5%) |*****
		[       17:       19)  1 (  1.2%) |**
		[       19:       21)  1 (  1.2%) |**

