#Packing pin usage report
Type: io
	Input Pin Usage:
		Max: 1.00 (0.50)
		Avg: 0.57 (0.28)
		Min: 0.00 (0.00)
		Histogram:
		[        0:      0.2) 62 ( 43.1%) |************************************
		[      0.2:      0.4)  0 (  0.0%) |
		[      0.4:      0.6)  0 (  0.0%) |
		[      0.6:      0.8)  0 (  0.0%) |
		[      0.8:        1) 82 ( 56.9%) |************************************************
		[        1:      1.2)  0 (  0.0%) |
		[      1.2:      1.4)  0 (  0.0%) |
		[      1.4:      1.6)  0 (  0.0%) |
		[      1.6:      1.8)  0 (  0.0%) |
		[      1.8:        2)  0 (  0.0%) |
	Output Pin Usage:
		Max: 1.00 (1.00)
		Avg: 0.43 (0.43)
		Min: 0.00 (0.00)
		Histogram:
		[        0:      0.1) 82 ( 56.9%) |************************************************
		[      0.1:      0.2)  0 (  0.0%) |
		[      0.2:      0.3)  0 (  0.0%) |
		[      0.3:      0.4)  0 (  0.0%) |
		[      0.4:      0.5)  0 (  0.0%) |
		[      0.5:      0.6)  0 (  0.0%) |
		[      0.6:      0.7)  0 (  0.0%) |
		[      0.7:      0.8)  0 (  0.0%) |
		[      0.8:      0.9)  0 (  0.0%) |
		[      0.9:        1) 62 ( 43.1%) |************************************

Type: clb
	Input Pin Usage:
		Max: 49.00 (0.91)
		Avg: 33.51 (0.62)
		Min: 0.00 (0.00)
		Histogram:
		[        0:      5.4)   8 (  1.8%) |****
		[      5.4:       11)  11 (  2.5%) |*****
		[       11:       16)  14 (  3.2%) |******
		[       16:       22)  15 (  3.4%) |*******
		[       22:       27)  62 ( 14.1%) |****************************
		[       27:       32)  59 ( 13.4%) |**************************
		[       32:       38)  92 ( 20.9%) |*****************************************
		[       38:       43) 105 ( 23.8%) |***********************************************
		[       43:       49)  73 ( 16.6%) |*********************************
		[       49:       54)   2 (  0.5%) |*
	Output Pin Usage:
		Max: 20.00 (0.95)
		Avg: 9.92 (0.47)
		Min: 1.00 (0.05)
		Histogram:
		[        0:      2.1) 18 (  4.1%) |***********
		[      2.1:      4.2) 34 (  7.7%) |*********************
		[      4.2:      6.3) 56 ( 12.7%) |***********************************
		[      6.3:      8.4) 68 ( 15.4%) |*******************************************
		[      8.4:       10) 76 ( 17.2%) |************************************************
		[       10:       13) 63 ( 14.3%) |****************************************
		[       13:       15) 47 ( 10.7%) |******************************
		[       15:       17) 42 (  9.5%) |***************************
		[       17:       19) 24 (  5.4%) |***************
		[       19:       21) 13 (  2.9%) |********

