#Packing pin usage report
Type: io
	Input Pin Usage:
		Max: 1.00 (0.50)
		Avg: 0.46 (0.23)
		Min: 0.00 (0.00)
		Histogram:
		[        0:      0.2) 41 ( 53.9%) |************************************************
		[      0.2:      0.4)  0 (  0.0%) |
		[      0.4:      0.6)  0 (  0.0%) |
		[      0.6:      0.8)  0 (  0.0%) |
		[      0.8:        1) 35 ( 46.1%) |*****************************************
		[        1:      1.2)  0 (  0.0%) |
		[      1.2:      1.4)  0 (  0.0%) |
		[      1.4:      1.6)  0 (  0.0%) |
		[      1.6:      1.8)  0 (  0.0%) |
		[      1.8:        2)  0 (  0.0%) |
	Output Pin Usage:
		Max: 1.00 (1.00)
		Avg: 0.54 (0.54)
		Min: 0.00 (0.00)
		Histogram:
		[        0:      0.1) 35 ( 46.1%) |*****************************************
		[      0.1:      0.2)  0 (  0.0%) |
		[      0.2:      0.3)  0 (  0.0%) |
		[      0.3:      0.4)  0 (  0.0%) |
		[      0.4:      0.5)  0 (  0.0%) |
		[      0.5:      0.6)  0 (  0.0%) |
		[      0.6:      0.7)  0 (  0.0%) |
		[      0.7:      0.8)  0 (  0.0%) |
		[      0.8:      0.9)  0 (  0.0%) |
		[      0.9:        1) 41 ( 53.9%) |************************************************

Type: clb
	Input Pin Usage:
		Max: 46.00 (0.85)
		Avg: 33.35 (0.62)
		Min: 3.00 (0.06)
		Histogram:
		[        0:      5.4)  5 (  5.1%) |*******
		[      5.4:       11)  4 (  4.1%) |******
		[       11:       16)  3 (  3.1%) |****
		[       16:       22)  0 (  0.0%) |
		[       22:       27)  5 (  5.1%) |*******
		[       27:       32) 14 ( 14.3%) |********************
		[       32:       38) 25 ( 25.5%) |************************************
		[       38:       43) 33 ( 33.7%) |************************************************
		[       43:       49)  9 (  9.2%) |*************
		[       49:       54)  0 (  0.0%) |
	Output Pin Usage:
		Max: 19.00 (0.90)
		Avg: 7.83 (0.37)
		Min: 1.00 (0.05)
		Histogram:
		[        0:      2.1) 11 ( 11.2%) |*****************************
		[      2.1:      4.2) 17 ( 17.3%) |*********************************************
		[      4.2:      6.3) 10 ( 10.2%) |***************************
		[      6.3:      8.4) 18 ( 18.4%) |************************************************
		[      8.4:       10) 13 ( 13.3%) |***********************************
		[       10:       13) 13 ( 13.3%) |***********************************
		[       13:       15) 12 ( 12.2%) |********************************
		[       15:       17)  2 (  2.0%) |*****
		[       17:       19)  1 (  1.0%) |***
		[       19:       21)  1 (  1.0%) |***

